#
# There is insufficient memory for the Java Runtime Environment to continue.
# Native memory allocation (malloc) failed to allocate 1048576 bytes for AllocateHeap
# Possible reasons:
#   The system is out of physical RAM or swap space
#   The process is running with CompressedOops enabled, and the Java Heap may be blocking the growth of the native heap
# Possible solutions:
#   Reduce memory load on the system
#   Increase physical memory or swap space
#   Check if swap backing store is full
#   Decrease Java heap size (-Xmx/-Xms)
#   Decrease number of Java threads
#   Decrease Java thread stack sizes (-Xss)
#   Set larger code cache with -XX:ReservedCodeCacheSize=
#   JVM is running with Unscaled Compressed Oops mode in which the Java heap is
#     placed in the first 4GB address space. The Java Heap base address is the
#     maximum limit for the native heap growth. Please use -XX:HeapBaseMinAddress
#     to set the Java Heap base and to place the Java Heap above 4GB virtual address.
# This output file may be truncated or incomplete.
#
#  Out of Memory Error (./src/hotspot/share/memory/allocation.cpp:46), pid=1460, tid=13228
#
# JRE version: OpenJDK Runtime Environment Corretto-11.0.14.9.1 (11.0.14+9) (build 11.0.14+9-LTS)
# Java VM: OpenJDK 64-Bit Server VM Corretto-11.0.14.9.1 (11.0.14+9-LTS, mixed mode, tiered, compressed oops, g1 gc, windows-amd64)
# No core dump will be written. Minidumps are not enabled by default on client versions of Windows
#

---------------  S U M M A R Y ------------

Command Line: -XX:TieredStopAtLevel=1 -Xverify:none -Dspring.output.ansi.enabled=always -Dcom.sun.management.jmxremote -Dspring.jmx.enabled=true -Dspring.liveBeansView.mbeanDomain -Dspring.application.admin.enabled=true -javaagent:C:\Program Files\JetBrains\IntelliJ IDEA 2021.3.2\lib\idea_rt.jar=56707:C:\Program Files\JetBrains\IntelliJ IDEA 2021.3.2\bin -Dfile.encoding=UTF-8 com.example.athena.AthenaApplication

Host: Intel(R) Core(TM) i3-7020U CPU @ 2.30GHz, 4 cores, 7G,  Windows 10 , 64 bit Build 19041 (10.0.19041.1645)
Time: Fri May  6 02:29:10 2022 Центральная Азия (зима) elapsed time: 5.413169 seconds (0d 0h 0m 5s)

---------------  T H R E A D  ---------------

Current thread (0x00000236cb191800):  VMThread "VM Thread" [stack: 0x000000c92ac00000,0x000000c92ad00000] [id=13228]

Stack: [0x000000c92ac00000,0x000000c92ad00000]
[error occurred during error reporting (printing stack bounds), id 0xc0000005, EXCEPTION_ACCESS_VIOLATION (0xc0000005) at pc=0x00000236b51a112d]

Native frames: (J=compiled Java code, j=interpreted, Vv=VM code, C=native code)
V  [jvm.dll+0x61e62a]
V  [jvm.dll+0x7ab569]
V  [jvm.dll+0x7acc58]
V  [jvm.dll+0x7ad295]
V  [jvm.dll+0x7ad24b]
V  [jvm.dll+0x61d9b7]
V  [jvm.dll+0x61e0c8]
C  [ntdll.dll+0xa20cf]
C  [ntdll.dll+0x51454]
C  [ntdll.dll+0xa0bfe]
C  0x00000236b51a112d

VM_Operation (0x000000c92bcfcd60): CollectForMetadataAllocation, mode: safepoint, requested by thread 0x00000236cc6fd800


---------------  P R O C E S S  ---------------

Threads class SMR info:
_java_thread_list=0x00000236cf661a40, length=14, elements={
0x00000236aca6b000, 0x00000236cb1b5800, 0x00000236cb1be800, 0x00000236cb1da000,
0x00000236cb1da800, 0x00000236cb1dc000, 0x00000236cb1e0000, 0x00000236cbb44000,
0x00000236cb14a000, 0x00000236cc00c000, 0x00000236cc1c8000, 0x00000236cc6c6800,
0x00000236cc6fd800, 0x00000236cc6f9800
}

Java Threads: ( => current thread )
  0x00000236aca6b000 JavaThread "main" [_thread_blocked, id=9476, stack(0x000000c92a600000,0x000000c92a700000)]
  0x00000236cb1b5800 JavaThread "Reference Handler" daemon [_thread_blocked, id=11328, stack(0x000000c92ad00000,0x000000c92ae00000)]
  0x00000236cb1be800 JavaThread "Finalizer" daemon [_thread_blocked, id=13072, stack(0x000000c92ae00000,0x000000c92af00000)]
  0x00000236cb1da000 JavaThread "Signal Dispatcher" daemon [_thread_blocked, id=8012, stack(0x000000c92af00000,0x000000c92b000000)]
  0x00000236cb1da800 JavaThread "Attach Listener" daemon [_thread_blocked, id=10116, stack(0x000000c92b000000,0x000000c92b100000)]
  0x00000236cb1dc000 JavaThread "Service Thread" daemon [_thread_blocked, id=11096, stack(0x000000c92b100000,0x000000c92b200000)]
  0x00000236cb1e0000 JavaThread "C1 CompilerThread0" daemon [_thread_blocked, id=8672, stack(0x000000c92b200000,0x000000c92b300000)]
  0x00000236cbb44000 JavaThread "Sweeper thread" daemon [_thread_blocked, id=3608, stack(0x000000c92b300000,0x000000c92b400000)]
  0x00000236cb14a000 JavaThread "Common-Cleaner" daemon [_thread_blocked, id=4568, stack(0x000000c92b400000,0x000000c92b500000)]
  0x00000236cc00c000 JavaThread "Monitor Ctrl-Break" daemon [_thread_in_native, id=12592, stack(0x000000c92b500000,0x000000c92b600000)]
  0x00000236cc1c8000 JavaThread "RMI TCP Accept-0" daemon [_thread_in_native, id=4184, stack(0x000000c92b600000,0x000000c92b700000)]
  0x00000236cc6c6800 JavaThread "RMI TCP Connection(idle)" daemon [_thread_blocked, id=12624, stack(0x000000c92bb00000,0x000000c92bc00000)]
  0x00000236cc6fd800 JavaThread "Thread-0" [_thread_blocked, id=1868, stack(0x000000c92bc00000,0x000000c92bd00000)]
  0x00000236cc6f9800 JavaThread "RMI Scheduler(0)" daemon [_thread_blocked, id=1260, stack(0x000000c92be00000,0x000000c92bf00000)]

Other Threads:
=>0x00000236cb191800 VMThread "VM Thread" [stack: 0x000000c92ac00000,0x000000c92ad00000] [id=13228]
  0x00000236cc23f800 WatcherThread [stack: 0x000000c92b700000,0x000000c92b800000] [id=5292]
  0x00000236aca83000 GCTaskThread "GC Thread#0" [stack: 0x000000c92a700000,0x000000c92a800000] [id=6068]
  0x00000236cc325800 GCTaskThread "GC Thread#1" [stack: 0x000000c92b800000,0x000000c92b900000] [id=12176]
  0x00000236cc326000 GCTaskThread "GC Thread#2" [stack: 0x000000c92b900000,0x000000c92ba00000] [id=4828]
  0x00000236cc327000 GCTaskThread "GC Thread#3" [stack: 0x000000c92bf00000,0x000000c92c000000] [id=8940]
  0x00000236acab4800 ConcurrentGCThread "G1 Main Marker" [stack: 0x000000c92a800000,0x000000c92a900000] [id=9708]
  0x00000236acab7000 ConcurrentGCThread "G1 Conc#0" [stack: 0x000000c92a900000,0x000000c92aa00000] [id=11740]
  0x00000236cb000800 ConcurrentGCThread "G1 Refine#0" [stack: 0x000000c92aa00000,0x000000c92ab00000] [id=2020]
  0x00000236cbdd9800 ConcurrentGCThread "G1 Refine#1" [stack: 0x000000c92ba00000,0x000000c92bb00000] [id=4172]
  0x00000236cb001800 ConcurrentGCThread "G1 Young RemSet Sampling" [stack: 0x000000c92ab00000,0x000000c92ac00000] [id=3720]

Threads with active compile tasks:

VM state:at safepoint (normal execution)

VM Mutex/Monitor currently owned by a thread:  ([mutex/lock_event])
[0x00000236aca67e80] Threads_lock - owner thread: 0x00000236cb191800
[0x00000236aca67610] Heap_lock - owner thread: 0x00000236cc6fd800

OutOfMemory and StackOverflow Exception counts:
OutOfMemoryError java_heap_errors=1
LinkageErrors=79

Heap address: 0x0000000081c00000, size: 2020 MB, Compressed Oops mode: 32-bit
Narrow klass base: 0x0000000000000000, Narrow klass shift: 3
Compressed class space size: 1073741824 Address: 0x0000000100000000

Heap:
 garbage-first heap   total 161792K, used 14797K [0x0000000081c00000, 0x0000000100000000)
  region size 1024K, 5 young (5120K), 5 survivors (5120K)
 Metaspace       used 37787K, capacity 39181K, committed 39248K, reserved 1091584K
  class space    used 4721K, capacity 5275K, committed 5280K, reserved 1048576K
Heap Regions: E=young(eden), S=young(survivor), O=old, HS=humongous(starts), HC=humongous(continues), CS=collection set, F=free, A=archive, TAMS=top-at-mark-start (previous, next)
|   0|0x0000000081c00000, 0x0000000081d00000, 0x0000000081d00000|100%|HS|  |TAMS 0x0000000081d00000, 0x0000000081d00000| Complete 
|   1|0x0000000081d00000, 0x0000000081e00000, 0x0000000081e00000|100%| O|  |TAMS 0x0000000081e00000, 0x0000000081e00000| Untracked 
|   2|0x0000000081e00000, 0x0000000081f00000, 0x0000000081f00000|100%| O|  |TAMS 0x0000000081f00000, 0x0000000081f00000| Untracked 
|   3|0x0000000081f00000, 0x0000000082000000, 0x0000000082000000|100%| O|  |TAMS 0x0000000082000000, 0x0000000082000000| Untracked 
|   4|0x0000000082000000, 0x0000000082100000, 0x0000000082100000|100%| O|  |TAMS 0x0000000082100000, 0x0000000082100000| Untracked 
|   5|0x0000000082100000, 0x0000000082200000, 0x0000000082200000|100%| O|  |TAMS 0x0000000082200000, 0x0000000082200000| Untracked 
|   6|0x0000000082200000, 0x0000000082300000, 0x0000000082300000|100%| O|  |TAMS 0x000000008226b800, 0x0000000082300000| Untracked 
|   7|0x0000000082300000, 0x0000000082400000, 0x0000000082400000|100%| O|  |TAMS 0x0000000082300000, 0x0000000082400000| Untracked 
|   8|0x0000000082400000, 0x0000000082500000, 0x0000000082500000|100%| O|  |TAMS 0x0000000082400000, 0x0000000082500000| Untracked 
|   9|0x0000000082500000, 0x0000000082573600, 0x0000000082600000| 45%| O|  |TAMS 0x0000000082500000, 0x0000000082573600| Untracked 
|  10|0x0000000082600000, 0x0000000082600000, 0x0000000082700000|  0%| F|  |TAMS 0x0000000082600000, 0x0000000082600000| Untracked 
|  11|0x0000000082700000, 0x0000000082700000, 0x0000000082800000|  0%| F|  |TAMS 0x0000000082700000, 0x0000000082700000| Untracked 
|  12|0x0000000082800000, 0x0000000082800000, 0x0000000082900000|  0%| F|  |TAMS 0x0000000082800000, 0x0000000082800000| Untracked 
|  13|0x0000000082900000, 0x0000000082900000, 0x0000000082a00000|  0%| F|  |TAMS 0x0000000082900000, 0x0000000082900000| Untracked 
|  14|0x0000000082a00000, 0x0000000082a00000, 0x0000000082b00000|  0%| F|  |TAMS 0x0000000082a00000, 0x0000000082a00000| Untracked 
|  15|0x0000000082b00000, 0x0000000082b00000, 0x0000000082c00000|  0%| F|  |TAMS 0x0000000082b00000, 0x0000000082b00000| Untracked 
|  16|0x0000000082c00000, 0x0000000082c00000, 0x0000000082d00000|  0%| F|  |TAMS 0x0000000082c00000, 0x0000000082c00000| Untracked 
|  17|0x0000000082d00000, 0x0000000082d00000, 0x0000000082e00000|  0%| F|  |TAMS 0x0000000082d00000, 0x0000000082d00000| Untracked 
|  18|0x0000000082e00000, 0x0000000082e00000, 0x0000000082f00000|  0%| F|  |TAMS 0x0000000082e00000, 0x0000000082e00000| Untracked 
|  19|0x0000000082f00000, 0x0000000082f00000, 0x0000000083000000|  0%| F|  |TAMS 0x0000000082f00000, 0x0000000082f00000| Untracked 
|  20|0x0000000083000000, 0x0000000083000000, 0x0000000083100000|  0%| F|  |TAMS 0x0000000083000000, 0x0000000083000000| Untracked 
|  21|0x0000000083100000, 0x0000000083100000, 0x0000000083200000|  0%| F|  |TAMS 0x0000000083100000, 0x0000000083100000| Untracked 
|  22|0x0000000083200000, 0x0000000083200000, 0x0000000083300000|  0%| F|  |TAMS 0x0000000083200000, 0x0000000083200000| Untracked 
|  23|0x0000000083300000, 0x0000000083300000, 0x0000000083400000|  0%| F|  |TAMS 0x0000000083300000, 0x0000000083300000| Untracked 
|  24|0x0000000083400000, 0x0000000083400000, 0x0000000083500000|  0%| F|  |TAMS 0x0000000083400000, 0x0000000083400000| Untracked 
|  25|0x0000000083500000, 0x0000000083500000, 0x0000000083600000|  0%| F|  |TAMS 0x0000000083500000, 0x0000000083500000| Untracked 
|  26|0x0000000083600000, 0x0000000083600000, 0x0000000083700000|  0%| F|  |TAMS 0x0000000083600000, 0x0000000083600000| Untracked 
|  27|0x0000000083700000, 0x0000000083700000, 0x0000000083800000|  0%| F|  |TAMS 0x0000000083700000, 0x0000000083700000| Untracked 
|  28|0x0000000083800000, 0x0000000083800000, 0x0000000083900000|  0%| F|  |TAMS 0x0000000083800000, 0x0000000083800000| Untracked 
|  29|0x0000000083900000, 0x0000000083900000, 0x0000000083a00000|  0%| F|  |TAMS 0x0000000083900000, 0x0000000083900000| Untracked 
|  30|0x0000000083a00000, 0x0000000083a00000, 0x0000000083b00000|  0%| F|  |TAMS 0x0000000083a00000, 0x0000000083a00000| Untracked 
|  31|0x0000000083b00000, 0x0000000083b00000, 0x0000000083c00000|  0%| F|  |TAMS 0x0000000083b00000, 0x0000000083b00000| Untracked 
|  32|0x0000000083c00000, 0x0000000083c00000, 0x0000000083d00000|  0%| F|  |TAMS 0x0000000083c00000, 0x0000000083c00000| Untracked 
|  33|0x0000000083d00000, 0x0000000083d00000, 0x0000000083e00000|  0%| F|  |TAMS 0x0000000083d00000, 0x0000000083d00000| Untracked 
|  34|0x0000000083e00000, 0x0000000083e00000, 0x0000000083f00000|  0%| F|  |TAMS 0x0000000083e00000, 0x0000000083e00000| Untracked 
|  35|0x0000000083f00000, 0x0000000083f00000, 0x0000000084000000|  0%| F|  |TAMS 0x0000000083f00000, 0x0000000083f00000| Untracked 
|  36|0x0000000084000000, 0x0000000084000000, 0x0000000084100000|  0%| F|  |TAMS 0x0000000084000000, 0x0000000084000000| Untracked 
|  37|0x0000000084100000, 0x0000000084100000, 0x0000000084200000|  0%| F|  |TAMS 0x0000000084100000, 0x0000000084100000| Untracked 
|  38|0x0000000084200000, 0x0000000084200000, 0x0000000084300000|  0%| F|  |TAMS 0x0000000084200000, 0x0000000084200000| Untracked 
|  39|0x0000000084300000, 0x0000000084300000, 0x0000000084400000|  0%| F|  |TAMS 0x0000000084300000, 0x0000000084300000| Untracked 
|  40|0x0000000084400000, 0x0000000084400000, 0x0000000084500000|  0%| F|  |TAMS 0x0000000084400000, 0x0000000084400000| Untracked 
|  41|0x0000000084500000, 0x0000000084500000, 0x0000000084600000|  0%| F|  |TAMS 0x0000000084500000, 0x0000000084500000| Untracked 
|  42|0x0000000084600000, 0x0000000084600000, 0x0000000084700000|  0%| F|  |TAMS 0x0000000084600000, 0x0000000084600000| Untracked 
|  43|0x0000000084700000, 0x0000000084700000, 0x0000000084800000|  0%| F|  |TAMS 0x0000000084700000, 0x0000000084700000| Untracked 
|  44|0x0000000084800000, 0x0000000084800000, 0x0000000084900000|  0%| F|  |TAMS 0x0000000084800000, 0x0000000084800000| Untracked 
|  45|0x0000000084900000, 0x0000000084900000, 0x0000000084a00000|  0%| F|  |TAMS 0x0000000084900000, 0x0000000084900000| Untracked 
|  46|0x0000000084a00000, 0x0000000084a00000, 0x0000000084b00000|  0%| F|  |TAMS 0x0000000084a00000, 0x0000000084a00000| Untracked 
|  47|0x0000000084b00000, 0x0000000084b00000, 0x0000000084c00000|  0%| F|  |TAMS 0x0000000084b00000, 0x0000000084b00000| Untracked 
|  48|0x0000000084c00000, 0x0000000084c00000, 0x0000000084d00000|  0%| F|  |TAMS 0x0000000084c00000, 0x0000000084c00000| Untracked 
|  49|0x0000000084d00000, 0x0000000084d00000, 0x0000000084e00000|  0%| F|  |TAMS 0x0000000084d00000, 0x0000000084d00000| Untracked 
|  50|0x0000000084e00000, 0x0000000084e00000, 0x0000000084f00000|  0%| F|  |TAMS 0x0000000084e00000, 0x0000000084e00000| Untracked 
|  51|0x0000000084f00000, 0x0000000084f00000, 0x0000000085000000|  0%| F|  |TAMS 0x0000000084f00000, 0x0000000084f00000| Untracked 
|  52|0x0000000085000000, 0x0000000085000000, 0x0000000085100000|  0%| F|  |TAMS 0x0000000085000000, 0x0000000085000000| Untracked 
|  53|0x0000000085100000, 0x0000000085100000, 0x0000000085200000|  0%| F|  |TAMS 0x0000000085100000, 0x0000000085100000| Untracked 
|  54|0x0000000085200000, 0x0000000085200000, 0x0000000085300000|  0%| F|  |TAMS 0x0000000085200000, 0x0000000085200000| Untracked 
|  55|0x0000000085300000, 0x0000000085300000, 0x0000000085400000|  0%| F|  |TAMS 0x0000000085300000, 0x0000000085300000| Untracked 
|  56|0x0000000085400000, 0x0000000085400000, 0x0000000085500000|  0%| F|  |TAMS 0x0000000085400000, 0x0000000085400000| Untracked 
|  57|0x0000000085500000, 0x0000000085500000, 0x0000000085600000|  0%| F|  |TAMS 0x0000000085500000, 0x0000000085500000| Untracked 
|  58|0x0000000085600000, 0x0000000085600000, 0x0000000085700000|  0%| F|  |TAMS 0x0000000085600000, 0x0000000085600000| Untracked 
|  59|0x0000000085700000, 0x0000000085700000, 0x0000000085800000|  0%| F|  |TAMS 0x0000000085700000, 0x0000000085700000| Untracked 
|  60|0x0000000085800000, 0x0000000085800000, 0x0000000085900000|  0%| F|  |TAMS 0x0000000085800000, 0x0000000085800000| Untracked 
|  61|0x0000000085900000, 0x0000000085900000, 0x0000000085a00000|  0%| F|  |TAMS 0x0000000085900000, 0x0000000085900000| Untracked 
|  62|0x0000000085a00000, 0x0000000085a00000, 0x0000000085b00000|  0%| F|  |TAMS 0x0000000085a00000, 0x0000000085a00000| Untracked 
|  63|0x0000000085b00000, 0x0000000085b00000, 0x0000000085c00000|  0%| F|  |TAMS 0x0000000085b00000, 0x0000000085b00000| Untracked 
|  64|0x0000000085c00000, 0x0000000085c00000, 0x0000000085d00000|  0%| F|  |TAMS 0x0000000085c00000, 0x0000000085c00000| Untracked 
|  65|0x0000000085d00000, 0x0000000085d00000, 0x0000000085e00000|  0%| F|  |TAMS 0x0000000085d00000, 0x0000000085d00000| Untracked 
|  66|0x0000000085e00000, 0x0000000085e00000, 0x0000000085f00000|  0%| F|  |TAMS 0x0000000085e00000, 0x0000000085e00000| Untracked 
|  67|0x0000000085f00000, 0x0000000085f00000, 0x0000000086000000|  0%| F|  |TAMS 0x0000000085f00000, 0x0000000085f00000| Untracked 
|  68|0x0000000086000000, 0x0000000086000000, 0x0000000086100000|  0%| F|  |TAMS 0x0000000086000000, 0x0000000086000000| Untracked 
|  69|0x0000000086100000, 0x0000000086100000, 0x0000000086200000|  0%| F|  |TAMS 0x0000000086100000, 0x0000000086100000| Untracked 
|  70|0x0000000086200000, 0x0000000086200000, 0x0000000086300000|  0%| F|  |TAMS 0x0000000086200000, 0x0000000086200000| Untracked 
|  71|0x0000000086300000, 0x0000000086300000, 0x0000000086400000|  0%| F|  |TAMS 0x0000000086300000, 0x0000000086300000| Untracked 
|  72|0x0000000086400000, 0x0000000086400000, 0x0000000086500000|  0%| F|  |TAMS 0x0000000086400000, 0x0000000086400000| Untracked 
|  73|0x0000000086500000, 0x0000000086500000, 0x0000000086600000|  0%| F|  |TAMS 0x0000000086500000, 0x0000000086500000| Untracked 
|  74|0x0000000086600000, 0x0000000086600000, 0x0000000086700000|  0%| F|  |TAMS 0x0000000086600000, 0x0000000086600000| Untracked 
|  75|0x0000000086700000, 0x0000000086700000, 0x0000000086800000|  0%| F|  |TAMS 0x0000000086700000, 0x0000000086700000| Untracked 
|  76|0x0000000086800000, 0x0000000086800000, 0x0000000086900000|  0%| F|  |TAMS 0x0000000086800000, 0x0000000086800000| Untracked 
|  77|0x0000000086900000, 0x0000000086900000, 0x0000000086a00000|  0%| F|  |TAMS 0x0000000086900000, 0x0000000086900000| Untracked 
|  78|0x0000000086a00000, 0x0000000086a00000, 0x0000000086b00000|  0%| F|  |TAMS 0x0000000086a00000, 0x0000000086a00000| Untracked 
|  79|0x0000000086b00000, 0x0000000086b00000, 0x0000000086c00000|  0%| F|  |TAMS 0x0000000086b00000, 0x0000000086b00000| Untracked 
|  80|0x0000000086c00000, 0x0000000086c00000, 0x0000000086d00000|  0%| F|  |TAMS 0x0000000086c00000, 0x0000000086c00000| Untracked 
|  81|0x0000000086d00000, 0x0000000086d00000, 0x0000000086e00000|  0%| F|  |TAMS 0x0000000086d00000, 0x0000000086d00000| Untracked 
|  82|0x0000000086e00000, 0x0000000086e00000, 0x0000000086f00000|  0%| F|  |TAMS 0x0000000086e00000, 0x0000000086e00000| Untracked 
|  83|0x0000000086f00000, 0x0000000086f00000, 0x0000000087000000|  0%| F|  |TAMS 0x0000000086f00000, 0x0000000086f00000| Untracked 
|  84|0x0000000087000000, 0x0000000087000000, 0x0000000087100000|  0%| F|  |TAMS 0x0000000087000000, 0x0000000087000000| Untracked 
|  85|0x0000000087100000, 0x0000000087100000, 0x0000000087200000|  0%| F|  |TAMS 0x0000000087100000, 0x0000000087100000| Untracked 
|  86|0x0000000087200000, 0x0000000087200000, 0x0000000087300000|  0%| F|  |TAMS 0x0000000087200000, 0x0000000087200000| Untracked 
|  87|0x0000000087300000, 0x0000000087300000, 0x0000000087400000|  0%| F|  |TAMS 0x0000000087300000, 0x0000000087300000| Untracked 
|  88|0x0000000087400000, 0x0000000087400000, 0x0000000087500000|  0%| F|  |TAMS 0x0000000087400000, 0x0000000087400000| Untracked 
|  89|0x0000000087500000, 0x0000000087500000, 0x0000000087600000|  0%| F|  |TAMS 0x0000000087500000, 0x0000000087500000| Untracked 
|  90|0x0000000087600000, 0x0000000087600000, 0x0000000087700000|  0%| F|  |TAMS 0x0000000087600000, 0x0000000087600000| Untracked 
|  91|0x0000000087700000, 0x0000000087700000, 0x0000000087800000|  0%| F|  |TAMS 0x0000000087700000, 0x0000000087700000| Untracked 
|  92|0x0000000087800000, 0x0000000087800000, 0x0000000087900000|  0%| F|  |TAMS 0x0000000087800000, 0x0000000087800000| Untracked 
|  93|0x0000000087900000, 0x0000000087900000, 0x0000000087a00000|  0%| F|  |TAMS 0x0000000087900000, 0x0000000087900000| Untracked 
|  94|0x0000000087a00000, 0x0000000087a00000, 0x0000000087b00000|  0%| F|  |TAMS 0x0000000087a00000, 0x0000000087a00000| Untracked 
|  95|0x0000000087b00000, 0x0000000087b00000, 0x0000000087c00000|  0%| F|  |TAMS 0x0000000087b00000, 0x0000000087b00000| Untracked 
|  96|0x0000000087c00000, 0x0000000087c00000, 0x0000000087d00000|  0%| F|  |TAMS 0x0000000087c00000, 0x0000000087c00000| Untracked 
|  97|0x0000000087d00000, 0x0000000087d00000, 0x0000000087e00000|  0%| F|  |TAMS 0x0000000087d00000, 0x0000000087d00000| Untracked 
|  98|0x0000000087e00000, 0x0000000087e00000, 0x0000000087f00000|  0%| F|  |TAMS 0x0000000087e00000, 0x0000000087e00000| Untracked 
|  99|0x0000000087f00000, 0x0000000087f00000, 0x0000000088000000|  0%| F|  |TAMS 0x0000000087f00000, 0x0000000087f00000| Untracked 
| 100|0x0000000088000000, 0x0000000088000000, 0x0000000088100000|  0%| F|  |TAMS 0x0000000088000000, 0x0000000088000000| Untracked 
| 101|0x0000000088100000, 0x0000000088100000, 0x0000000088200000|  0%| F|  |TAMS 0x0000000088100000, 0x0000000088100000| Untracked 
| 102|0x0000000088200000, 0x0000000088200000, 0x0000000088300000|  0%| F|  |TAMS 0x0000000088200000, 0x0000000088200000| Untracked 
| 103|0x0000000088300000, 0x0000000088300000, 0x0000000088400000|  0%| F|  |TAMS 0x0000000088300000, 0x0000000088300000| Untracked 
| 104|0x0000000088400000, 0x0000000088400000, 0x0000000088500000|  0%| F|  |TAMS 0x0000000088400000, 0x0000000088400000| Untracked 
| 105|0x0000000088500000, 0x0000000088500000, 0x0000000088600000|  0%| F|  |TAMS 0x0000000088500000, 0x0000000088500000| Untracked 
| 106|0x0000000088600000, 0x0000000088600000, 0x0000000088700000|  0%| F|  |TAMS 0x0000000088600000, 0x0000000088600000| Untracked 
| 107|0x0000000088700000, 0x0000000088700000, 0x0000000088800000|  0%| F|  |TAMS 0x0000000088700000, 0x0000000088700000| Untracked 
| 108|0x0000000088800000, 0x0000000088800000, 0x0000000088900000|  0%| F|  |TAMS 0x0000000088800000, 0x0000000088800000| Untracked 
| 109|0x0000000088900000, 0x0000000088900000, 0x0000000088a00000|  0%| F|  |TAMS 0x0000000088900000, 0x0000000088900000| Untracked 
| 110|0x0000000088a00000, 0x0000000088a00000, 0x0000000088b00000|  0%| F|  |TAMS 0x0000000088a00000, 0x0000000088a00000| Untracked 
| 111|0x0000000088b00000, 0x0000000088b00000, 0x0000000088c00000|  0%| F|  |TAMS 0x0000000088b00000, 0x0000000088b00000| Untracked 
| 112|0x0000000088c00000, 0x0000000088c00000, 0x0000000088d00000|  0%| F|  |TAMS 0x0000000088c00000, 0x0000000088c00000| Untracked 
| 113|0x0000000088d00000, 0x0000000088d00000, 0x0000000088e00000|  0%| F|  |TAMS 0x0000000088d00000, 0x0000000088d00000| Untracked 
| 114|0x0000000088e00000, 0x0000000088e00000, 0x0000000088f00000|  0%| F|  |TAMS 0x0000000088e00000, 0x0000000088e00000| Untracked 
| 115|0x0000000088f00000, 0x0000000088f00000, 0x0000000089000000|  0%| F|  |TAMS 0x0000000088f00000, 0x0000000088f00000| Untracked 
| 116|0x0000000089000000, 0x0000000089000000, 0x0000000089100000|  0%| F|  |TAMS 0x0000000089000000, 0x0000000089000000| Untracked 
| 117|0x0000000089100000, 0x0000000089100000, 0x0000000089200000|  0%| F|  |TAMS 0x0000000089100000, 0x0000000089100000| Untracked 
| 118|0x0000000089200000, 0x0000000089200000, 0x0000000089300000|  0%| F|  |TAMS 0x0000000089200000, 0x0000000089200000| Untracked 
| 119|0x0000000089300000, 0x0000000089300000, 0x0000000089400000|  0%| F|  |TAMS 0x0000000089300000, 0x0000000089300000| Untracked 
| 120|0x0000000089400000, 0x0000000089400000, 0x0000000089500000|  0%| F|  |TAMS 0x0000000089400000, 0x0000000089400000| Untracked 
| 121|0x0000000089500000, 0x0000000089500000, 0x0000000089600000|  0%| F|  |TAMS 0x0000000089500000, 0x0000000089500000| Untracked 
| 122|0x0000000089600000, 0x0000000089600000, 0x0000000089700000|  0%| F|  |TAMS 0x0000000089600000, 0x0000000089600000| Untracked 
| 123|0x0000000089700000, 0x0000000089700000, 0x0000000089800000|  0%| F|  |TAMS 0x0000000089700000, 0x0000000089700000| Untracked 
| 124|0x0000000089800000, 0x0000000089800000, 0x0000000089900000|  0%| F|  |TAMS 0x0000000089800000, 0x0000000089800000| Untracked 
| 125|0x0000000089900000, 0x0000000089900000, 0x0000000089a00000|  0%| F|  |TAMS 0x0000000089900000, 0x0000000089900000| Untracked 
| 126|0x0000000089a00000, 0x0000000089a00000, 0x0000000089b00000|  0%| F|  |TAMS 0x0000000089a00000, 0x0000000089a00000| Untracked 
| 127|0x0000000089b00000, 0x0000000089c00000, 0x0000000089c00000|100%| S|CS|TAMS 0x0000000089b00000, 0x0000000089b00000| Complete 
| 128|0x0000000089c00000, 0x0000000089d00000, 0x0000000089d00000|100%| S|CS|TAMS 0x0000000089c00000, 0x0000000089c00000| Complete 
| 129|0x0000000089d00000, 0x0000000089e00000, 0x0000000089e00000|100%| S|CS|TAMS 0x0000000089d00000, 0x0000000089d00000| Complete 
| 130|0x0000000089e00000, 0x0000000089f00000, 0x0000000089f00000|100%| S|CS|TAMS 0x0000000089e00000, 0x0000000089e00000| Complete 
| 131|0x0000000089f00000, 0x000000008a000000, 0x000000008a000000|100%| S|CS|TAMS 0x0000000089f00000, 0x0000000089f00000| Complete 
| 132|0x000000008a000000, 0x000000008a000000, 0x000000008a100000|  0%| F|  |TAMS 0x000000008a000000, 0x000000008a000000| Untracked 
| 133|0x000000008a100000, 0x000000008a100000, 0x000000008a200000|  0%| F|  |TAMS 0x000000008a100000, 0x000000008a100000| Untracked 
| 134|0x000000008a200000, 0x000000008a200000, 0x000000008a300000|  0%| F|  |TAMS 0x000000008a200000, 0x000000008a200000| Untracked 
| 135|0x000000008a300000, 0x000000008a300000, 0x000000008a400000|  0%| F|  |TAMS 0x000000008a300000, 0x000000008a300000| Untracked 
| 136|0x000000008a400000, 0x000000008a400000, 0x000000008a500000|  0%| F|  |TAMS 0x000000008a400000, 0x000000008a400000| Untracked 
| 137|0x000000008a500000, 0x000000008a500000, 0x000000008a600000|  0%| F|  |TAMS 0x000000008a500000, 0x000000008a500000| Untracked 
| 138|0x000000008a600000, 0x000000008a600000, 0x000000008a700000|  0%| F|  |TAMS 0x000000008a600000, 0x000000008a600000| Untracked 
| 139|0x000000008a700000, 0x000000008a700000, 0x000000008a800000|  0%| F|  |TAMS 0x000000008a700000, 0x000000008a700000| Untracked 
| 140|0x000000008a800000, 0x000000008a800000, 0x000000008a900000|  0%| F|  |TAMS 0x000000008a800000, 0x000000008a800000| Untracked 
| 141|0x000000008a900000, 0x000000008a900000, 0x000000008aa00000|  0%| F|  |TAMS 0x000000008a900000, 0x000000008a900000| Untracked 
| 142|0x000000008aa00000, 0x000000008aa00000, 0x000000008ab00000|  0%| F|  |TAMS 0x000000008aa00000, 0x000000008aa00000| Untracked 
| 143|0x000000008ab00000, 0x000000008ab00000, 0x000000008ac00000|  0%| F|  |TAMS 0x000000008ab00000, 0x000000008ab00000| Untracked 
| 144|0x000000008ac00000, 0x000000008ac00000, 0x000000008ad00000|  0%| F|  |TAMS 0x000000008ac00000, 0x000000008ac00000| Untracked 
| 145|0x000000008ad00000, 0x000000008ad00000, 0x000000008ae00000|  0%| F|  |TAMS 0x000000008ad00000, 0x000000008ad00000| Untracked 
| 146|0x000000008ae00000, 0x000000008ae00000, 0x000000008af00000|  0%| F|  |TAMS 0x000000008ae00000, 0x000000008ae00000| Untracked 
| 147|0x000000008af00000, 0x000000008af00000, 0x000000008b000000|  0%| F|  |TAMS 0x000000008af00000, 0x000000008af00000| Untracked 
| 148|0x000000008b000000, 0x000000008b000000, 0x000000008b100000|  0%| F|  |TAMS 0x000000008b000000, 0x000000008b000000| Untracked 
| 149|0x000000008b100000, 0x000000008b100000, 0x000000008b200000|  0%| F|  |TAMS 0x000000008b100000, 0x000000008b100000| Untracked 
| 150|0x000000008b200000, 0x000000008b200000, 0x000000008b300000|  0%| F|  |TAMS 0x000000008b200000, 0x000000008b200000| Untracked 
| 151|0x000000008b300000, 0x000000008b300000, 0x000000008b400000|  0%| F|  |TAMS 0x000000008b300000, 0x000000008b300000| Untracked 
| 152|0x000000008b400000, 0x000000008b400000, 0x000000008b500000|  0%| F|  |TAMS 0x000000008b400000, 0x000000008b400000| Untracked 
| 153|0x000000008b500000, 0x000000008b500000, 0x000000008b600000|  0%| F|  |TAMS 0x000000008b500000, 0x000000008b500000| Untracked 
| 154|0x000000008b600000, 0x000000008b600000, 0x000000008b700000|  0%| F|  |TAMS 0x000000008b600000, 0x000000008b600000| Untracked 
| 155|0x000000008b700000, 0x000000008b700000, 0x000000008b800000|  0%| F|  |TAMS 0x000000008b700000, 0x000000008b700000| Untracked 
| 156|0x000000008b800000, 0x000000008b800000, 0x000000008b900000|  0%| F|  |TAMS 0x000000008b800000, 0x000000008b800000| Untracked 
| 157|0x000000008b900000, 0x000000008b900000, 0x000000008ba00000|  0%| F|  |TAMS 0x000000008b900000, 0x000000008b900000| Untracked 

Card table byte_map: [0x00000236c45a0000,0x00000236c49a0000] _byte_map_base: 0x00000236c4192000

Marking Bits (Prev, Next): (CMBitMap*) 0x00000236acaabb48, (CMBitMap*) 0x00000236acaabb80
 Prev Bits: [0x00000236c4da0000, 0x00000236c6d30000)
 Next Bits: [0x00000236c6d30000, 0x00000236c8cc0000)

Polling page: 0x00000236aa940000

Metaspace:

Usage:
  Non-class:     33.11 MB capacity,    32.29 MB ( 98%) used,   684.77 KB (  2%) free+waste,   155.06 KB ( <1%) overhead. 
      Class:      5.15 MB capacity,     4.61 MB ( 89%) used,   475.91 KB (  9%) free+waste,    78.00 KB (  1%) overhead. 
       Both:     38.26 MB capacity,    36.90 MB ( 96%) used,     1.13 MB (  3%) free+waste,   233.06 KB ( <1%) overhead. 

Virtual space:
  Non-class space:       42.00 MB reserved,      33.17 MB ( 79%) committed 
      Class space:        1.00 GB reserved,       5.16 MB ( <1%) committed 
             Both:        1.04 GB reserved,      38.33 MB (  4%) committed 

Chunk freelists:
   Non-Class:  62.00 KB
       Class:  5.00 KB
        Both:  67.00 KB

MaxMetaspaceSize: 17179869184.00 GB
CompressedClassSpaceSize: 1.00 GB
Initial GC threshold: 20.80 MB
Current GC threshold: 59.41 MB
CDS: off

CodeHeap 'non-profiled nmethods': size=238912Kb used=5900Kb max_used=5900Kb free=233011Kb
 bounds [0x00000236b5850000, 0x00000236b5e20000, 0x00000236c41a0000]
CodeHeap 'non-nmethods': size=6848Kb used=1222Kb max_used=1222Kb free=5625Kb
 bounds [0x00000236b51a0000, 0x00000236b5410000, 0x00000236b5850000]
 total_blobs=4308 nmethods=3804 adapters=431
 compilation: enabled
              stopped_count=0, restarted_count=0
 full_count=0

Compilation events (20 events):
Event: 5.352 Thread 0x00000236cb1e0000 3794       1       java.net.URL::getDefaultPort (8 bytes)
Event: 5.352 Thread 0x00000236cb1e0000 nmethod 3794 0x00000236b5e0f410 code [0x00000236b5e0f5c0, 0x00000236b5e0f6a8]
Event: 5.355 Thread 0x00000236cb1e0000 3795       1       java.lang.Throwable::<init> (39 bytes)
Event: 5.356 Thread 0x00000236cb1e0000 nmethod 3795 0x00000236b5e0f710 code [0x00000236b5e0f8e0, 0x00000236b5e0fbc8]
Event: 5.358 Thread 0x00000236cb1e0000 3796       1       org.springframework.core.annotation.TypeMappedAnnotations::get (52 bytes)
Event: 5.359 Thread 0x00000236cb1e0000 nmethod 3796 0x00000236b5e0fc90 code [0x00000236b5e0fe60, 0x00000236b5e100c8]
Event: 5.359 Thread 0x00000236cb1e0000 3799       1       org.springframework.core.annotation.AnnotationAwareOrderComparator::findOrderFromAnnotation (63 bytes)
Event: 5.360 Thread 0x00000236cb1e0000 nmethod 3799 0x00000236b5e10210 code [0x00000236b5e10420, 0x00000236b5e108b8]
Event: 5.360 Thread 0x00000236cb1e0000 3797       1       org.springframework.core.annotation.AnnotationAwareOrderComparator::findOrder (18 bytes)
Event: 5.360 Thread 0x00000236cb1e0000 nmethod 3797 0x00000236b5e10b10 code [0x00000236b5e10ce0, 0x00000236b5e10ee8]
Event: 5.360 Thread 0x00000236cb1e0000 3798       1       org.springframework.core.OrderComparator::getOrder (111 bytes)
Event: 5.361 Thread 0x00000236cb1e0000 nmethod 3798 0x00000236b5e11010 code [0x00000236b5e11220, 0x00000236b5e11518]
Event: 5.368 Thread 0x00000236cb1e0000 3800       1       sun.reflect.generics.parser.SignatureParser::parseZeroOrMoreFormalTypeParameters (19 bytes)
Event: 5.368 Thread 0x00000236cb1e0000 nmethod 3800 0x00000236b5e11790 code [0x00000236b5e11960, 0x00000236b5e11af8]
Event: 5.374 Thread 0x00000236cb1e0000 3804       1       sun.reflect.generics.reflectiveObjects.ParameterizedTypeImpl::validateConstructorArguments (44 bytes)
Event: 5.375 Thread 0x00000236cb1e0000 nmethod 3804 0x00000236b5e12090 code [0x00000236b5e12280, 0x00000236b5e125b8]
Event: 5.375 Thread 0x00000236cb1e0000 3802       1       sun.reflect.generics.reflectiveObjects.ParameterizedTypeImpl::<init> (35 bytes)
Event: 5.376 Thread 0x00000236cb1e0000 nmethod 3802 0x00000236b5e12790 code [0x00000236b5e12980, 0x00000236b5e12c38]
Event: 5.376 Thread 0x00000236cb1e0000 3803       1       java.lang.Class::getDeclaringClass (31 bytes)
Event: 5.377 Thread 0x00000236cb1e0000 nmethod 3803 0x00000236b5e12d90 code [0x00000236b5e12f60, 0x00000236b5e130c8]

GC Heap History (16 events):
Event: 1.495 GC heap before
{Heap before GC invocations=0 (full 0):
 garbage-first heap   total 131072K, used 14336K [0x0000000081c00000, 0x0000000100000000)
  region size 1024K, 14 young (14336K), 0 survivors (0K)
 Metaspace       used 12601K, capacity 12928K, committed 13184K, reserved 1060864K
  class space    used 1278K, capacity 1372K, committed 1408K, reserved 1048576K
}
Event: 1.509 GC heap after
{Heap after GC invocations=1 (full 0):
 garbage-first heap   total 131072K, used 6499K [0x0000000081c00000, 0x0000000100000000)
  region size 1024K, 2 young (2048K), 2 survivors (2048K)
 Metaspace       used 12601K, capacity 12928K, committed 13184K, reserved 1060864K
  class space    used 1278K, capacity 1372K, committed 1408K, reserved 1048576K
}
Event: 1.780 GC heap before
{Heap before GC invocations=1 (full 0):
 garbage-first heap   total 131072K, used 13667K [0x0000000081c00000, 0x0000000100000000)
  region size 1024K, 9 young (9216K), 2 survivors (2048K)
 Metaspace       used 14048K, capacity 14465K, committed 14720K, reserved 1062912K
  class space    used 1444K, capacity 1590K, committed 1664K, reserved 1048576K
}
Event: 1.785 GC heap after
{Heap after GC invocations=2 (full 0):
 garbage-first heap   total 131072K, used 7388K [0x0000000081c00000, 0x0000000100000000)
  region size 1024K, 1 young (1024K), 1 survivors (1024K)
 Metaspace       used 14048K, capacity 14465K, committed 14720K, reserved 1062912K
  class space    used 1444K, capacity 1590K, committed 1664K, reserved 1048576K
}
Event: 2.357 GC heap before
{Heap before GC invocations=2 (full 0):
 garbage-first heap   total 131072K, used 30940K [0x0000000081c00000, 0x0000000100000000)
  region size 1024K, 24 young (24576K), 1 survivors (1024K)
 Metaspace       used 18040K, capacity 18658K, committed 18944K, reserved 1067008K
  class space    used 1994K, capacity 2221K, committed 2304K, reserved 1048576K
}
Event: 2.399 GC heap after
{Heap after GC invocations=3 (full 0):
 garbage-first heap   total 131072K, used 8602K [0x0000000081c00000, 0x0000000100000000)
  region size 1024K, 2 young (2048K), 2 survivors (2048K)
 Metaspace       used 18040K, capacity 18658K, committed 18944K, reserved 1067008K
  class space    used 1994K, capacity 2221K, committed 2304K, reserved 1048576K
}
Event: 2.761 GC heap before
{Heap before GC invocations=3 (full 0):
 garbage-first heap   total 131072K, used 23962K [0x0000000081c00000, 0x0000000100000000)
  region size 1024K, 18 young (18432K), 2 survivors (2048K)
 Metaspace       used 20427K, capacity 21192K, committed 21296K, reserved 1069056K
  class space    used 2367K, capacity 2672K, committed 2688K, reserved 1048576K
}
Event: 2.768 GC heap after
{Heap after GC invocations=4 (full 0):
 garbage-first heap   total 131072K, used 9366K [0x0000000081c00000, 0x0000000100000000)
  region size 1024K, 3 young (3072K), 3 survivors (3072K)
 Metaspace       used 20427K, capacity 21192K, committed 21296K, reserved 1069056K
  class space    used 2367K, capacity 2672K, committed 2688K, reserved 1048576K
}
Event: 3.299 GC heap before
{Heap before GC invocations=5 (full 0):
 garbage-first heap   total 131072K, used 48278K [0x0000000081c00000, 0x0000000100000000)
  region size 1024K, 41 young (41984K), 3 survivors (3072K)
 Metaspace       used 25410K, capacity 26265K, committed 26364K, reserved 1073152K
  class space    used 2982K, capacity 3321K, committed 3404K, reserved 1048576K
}
Event: 3.307 GC heap after
{Heap after GC invocations=6 (full 0):
 garbage-first heap   total 131072K, used 10789K [0x0000000081c00000, 0x0000000100000000)
  region size 1024K, 5 young (5120K), 5 survivors (5120K)
 Metaspace       used 25410K, capacity 26265K, committed 26364K, reserved 1073152K
  class space    used 2982K, capacity 3321K, committed 3404K, reserved 1048576K
}
Event: 3.970 GC heap before
{Heap before GC invocations=6 (full 0):
 garbage-first heap   total 131072K, used 64037K [0x0000000081c00000, 0x0000000100000000)
  region size 1024K, 57 young (58368K), 5 survivors (5120K)
 Metaspace       used 28278K, capacity 29410K, committed 29692K, reserved 1075200K
  class space    used 3423K, capacity 3854K, committed 3916K, reserved 1048576K
}
Event: 3.981 GC heap after
{Heap after GC invocations=7 (full 0):
 garbage-first heap   total 161792K, used 12575K [0x0000000081c00000, 0x0000000100000000)
  region size 1024K, 6 young (6144K), 6 survivors (6144K)
 Metaspace       used 28278K, capacity 29410K, committed 29692K, reserved 1075200K
  class space    used 3423K, capacity 3854K, committed 3916K, reserved 1048576K
}
Event: 4.849 GC heap before
{Heap before GC invocations=7 (full 0):
 garbage-first heap   total 161792K, used 79135K [0x0000000081c00000, 0x0000000100000000)
  region size 1024K, 72 young (73728K), 6 survivors (6144K)
 Metaspace       used 34682K, capacity 35994K, committed 36048K, reserved 1081344K
  class space    used 4310K, capacity 4874K, committed 4896K, reserved 1048576K
}
Event: 4.866 GC heap after
{Heap after GC invocations=8 (full 0):
 garbage-first heap   total 161792K, used 16550K [0x0000000081c00000, 0x0000000100000000)
  region size 1024K, 10 young (10240K), 10 survivors (10240K)
 Metaspace       used 34682K, capacity 35994K, committed 36048K, reserved 1081344K
  class space    used 4310K, capacity 4874K, committed 4896K, reserved 1048576K
}
Event: 5.395 GC heap before
{Heap before GC invocations=9 (full 0):
 garbage-first heap   total 161792K, used 42150K [0x0000000081c00000, 0x0000000100000000)
  region size 1024K, 36 young (36864K), 10 survivors (10240K)
 Metaspace       used 37787K, capacity 39181K, committed 39248K, reserved 1089536K
  class space    used 4721K, capacity 5275K, committed 5280K, reserved 1048576K
}
Event: 5.410 GC heap after
{Heap after GC invocations=10 (full 0):
 garbage-first heap   total 161792K, used 14797K [0x0000000081c00000, 0x0000000100000000)
  region size 1024K, 5 young (5120K), 5 survivors (5120K)
 Metaspace       used 37787K, capacity 39181K, committed 39248K, reserved 1089536K
  class space    used 4721K, capacity 5275K, committed 5280K, reserved 1048576K
}

Deoptimization events (2 events):
Event: 3.886 Thread 0x00000236cc2e9800 DEOPT PACKING pc=0x00000236b5b4b864 sp=0x000000c92bdfcfc0
Event: 3.886 Thread 0x00000236cc2e9800 DEOPT UNPACKING pc=0x00000236b51ea95e sp=0x000000c92bdfc528 mode 0

Classes redefined (0 events):
No events

Internal exceptions (20 events):
Event: 4.475 Thread 0x00000236cc2e9800 Exception <a 'java/lang/NoSuchMethodError'{0x00000000897d9f88}: 'int java.lang.invoke.DirectMethodHandle$Holder.invokeVirtual(java.lang.Object, java.lang.Object)'> (0x00000000897d9f88) thrown at [./src/hotspot/share/interpreter/linkResolver.cpp, line 773]
Event: 4.478 Thread 0x00000236cc2e9800 Exception <a 'java/lang/IncompatibleClassChangeError'{0x0000000089616008}: Found class java.lang.Object, but interface was expected> (0x0000000089616008) thrown at [./src/hotspot/share/interpreter/linkResolver.cpp, line 839]
Event: 4.478 Thread 0x00000236cc2e9800 Exception <a 'java/lang/NoSuchMethodError'{0x000000008961aeb0}: 'void java.lang.invoke.DirectMethodHandle$Holder.invokeStatic(java.lang.Object, int, java.lang.Object)'> (0x000000008961aeb0) thrown at [./src/hotspot/share/interpreter/linkResolver.cpp, line 773]
Event: 4.651 Thread 0x00000236cc6c6800 Exception <a 'java/lang/reflect/InvocationTargetException'{0x000000008af164e0}> (0x000000008af164e0) thrown at [./src/hotspot/share/runtime/reflection.cpp, line 1247]
Event: 4.686 Thread 0x00000236cc2e9800 Exception <a 'sun/nio/fs/WindowsException'{0x000000008852e888}> (0x000000008852e888) thrown at [./src/hotspot/share/prims/jni.cpp, line 616]
Event: 4.687 Thread 0x00000236cc2e9800 Exception <a 'sun/nio/fs/WindowsException'{0x0000000088534698}> (0x0000000088534698) thrown at [./src/hotspot/share/prims/jni.cpp, line 616]
Event: 4.687 Thread 0x00000236cc2e9800 Exception <a 'sun/nio/fs/WindowsException'{0x0000000088534d70}> (0x0000000088534d70) thrown at [./src/hotspot/share/prims/jni.cpp, line 616]
Event: 4.766 Thread 0x00000236cc2e9800 Exception <a 'java/io/FileNotFoundException'{0x0000000087e43c70}> (0x0000000087e43c70) thrown at [./src/hotspot/share/prims/jni.cpp, line 616]
Event: 4.790 Thread 0x00000236cc2e9800 Exception <a 'java/lang/NoSuchMethodError'{0x0000000087de15b8}: 'int java.lang.invoke.DirectMethodHandle$Holder.invokeInterface(java.lang.Object, java.lang.Object, java.lang.Object, java.lang.Object)'> (0x0000000087de15b8) thrown at [./src/hotspot/share/interpreter/linkResolver.cpp, line 773]
Event: 4.839 Thread 0x00000236cc2e9800 Exception <a 'java/io/FileNotFoundException'{0x0000000087976cf0}> (0x0000000087976cf0) thrown at [./src/hotspot/share/prims/jni.cpp, line 616]
Event: 5.167 Thread 0x00000236cc6c6800 Exception <a 'java/lang/reflect/InvocationTargetException'{0x000000008ac89bf0}> (0x000000008ac89bf0) thrown at [./src/hotspot/share/runtime/reflection.cpp, line 1247]
Event: 5.186 Thread 0x00000236cc2e9800 Exception <a 'sun/nio/fs/WindowsException'{0x000000008aa68098}> (0x000000008aa68098) thrown at [./src/hotspot/share/prims/jni.cpp, line 616]
Event: 5.287 Thread 0x00000236cc2e9800 Exception <a 'java/lang/OutOfMemoryError'{0x000000008a6ed0f8}> (0x000000008a6ed0f8) thrown at [./src/hotspot/share/prims/jni.cpp, line 637]
Event: 5.288 Thread 0x00000236cc2e9800 Exception <a 'java/lang/reflect/InvocationTargetException'{0x000000008a50e540}> (0x000000008a50e540) thrown at [./src/hotspot/share/runtime/reflection.cpp, line 1247]
Event: 5.292 Thread 0x00000236cc2e9800 Exception <a 'java/lang/NoSuchMethodError'{0x000000008a552ca0}: 'void java.lang.invoke.DirectMethodHandle$Holder.invokeInterface(java.lang.Object, java.lang.Object)'> (0x000000008a552ca0) thrown at [./src/hotspot/share/interpreter/linkResolver.cpp, line 773]
Event: 5.299 Thread 0x00000236cde4b000 Exception <a 'java/lang/InterruptedException'{0x000000008a400040}: sleep interrupted> (0x000000008a400040) thrown at [./src/hotspot/share/prims/jvm.cpp, line 3125]
Event: 5.370 Thread 0x00000236cc2e9800 Exception <a 'java/lang/NoClassDefFoundError'{0x000000008a27e258}: javax/validation/ValidationException> (0x000000008a27e258) thrown at [./src/hotspot/share/classfile/systemDictionary.cpp, line 219]
Event: 5.372 Thread 0x00000236cc2e9800 Exception <a 'java/lang/NoClassDefFoundError'{0x000000008a2a7448}: liquibase/exception/ChangeLogParseException> (0x000000008a2a7448) thrown at [./src/hotspot/share/classfile/systemDictionary.cpp, line 219]
Event: 5.383 Thread 0x00000236cc2e9800 Exception <a 'java/lang/NoClassDefFoundError'{0x000000008a13c890}: sun/reflect/Reflection> (0x000000008a13c890) thrown at [./src/hotspot/share/classfile/systemDictionary.cpp, line 219]
Event: 5.391 Thread 0x00000236cc2e9800 Exception <a 'java/lang/reflect/InvocationTargetException'{0x000000008a1a2408}> (0x000000008a1a2408) thrown at [./src/hotspot/share/runtime/reflection.cpp, line 1247]

Events (20 events):
Event: 5.385 loading class jdk/internal/loader/BootLoader$PackageHelper done
Event: 5.390 loading class org/springframework/boot/SpringBootExceptionHandler
Event: 5.390 loading class org/springframework/boot/SpringBootExceptionHandler done
Event: 5.391 loading class org/springframework/boot/SpringBootExceptionHandler$LoggedExceptionHandlerThreadLocal
Event: 5.391 loading class org/springframework/boot/SpringBootExceptionHandler$LoggedExceptionHandlerThreadLocal done
Event: 5.391 loading class java/util/IdentityHashMap$KeyIterator
Event: 5.392 loading class java/util/IdentityHashMap$KeyIterator done
Event: 5.392 Thread 0x00000236cc2e9800 Thread exited: 0x00000236cc2e9800
Event: 5.392 Executing VM operation: RevokeBias
Event: 5.392 Executing VM operation: RevokeBias done
Event: 5.392 loading class org/springframework/boot/devtools/restart/Restarter
Event: 5.392 loading class org/springframework/boot/devtools/restart/Restarter done
Event: 5.393 loading class org/springframework/boot/system/JavaVersion
Event: 5.393 loading class org/springframework/boot/system/JavaVersion done
Event: 5.394 loading class java/util/stream/LongStream
Event: 5.394 loading class java/util/stream/LongStream done
Event: 5.394 loading class java/util/function/ToDoubleFunction
Event: 5.394 loading class java/util/function/ToDoubleFunction done
Event: 5.394 loading class java/util/stream/DoubleStream
Event: 5.395 Executing VM operation: CollectForMetadataAllocation


Dynamic libraries:
0x00007ff749a80000 - 0x00007ff749a8d000 	C:\Users\dasta\.jdks\corretto-11.0.14\bin\java.exe
0x00007ff9b4c50000 - 0x00007ff9b4e45000 	C:\WINDOWS\SYSTEM32\ntdll.dll
0x00007ff9794e0000 - 0x00007ff9794f6000 	C:\Program Files\AVG\Antivirus\aswhook.dll
0x00007ff9b2cd0000 - 0x00007ff9b2d8e000 	C:\WINDOWS\System32\KERNEL32.DLL
0x00007ff9b24a0000 - 0x00007ff9b2768000 	C:\WINDOWS\System32\KERNELBASE.dll
0x00007ff9b2bb0000 - 0x00007ff9b2cb0000 	C:\WINDOWS\System32\ucrtbase.dll
0x00007ff9adf10000 - 0x00007ff9adf27000 	C:\Users\dasta\.jdks\corretto-11.0.14\bin\jli.dll
0x00007ff9b3f90000 - 0x00007ff9b4130000 	C:\WINDOWS\System32\USER32.dll
0x00007ff9b2a00000 - 0x00007ff9b2a22000 	C:\WINDOWS\System32\win32u.dll
0x00007ff9b3990000 - 0x00007ff9b39ba000 	C:\WINDOWS\System32\GDI32.dll
0x00007ff9b2a30000 - 0x00007ff9b2b3b000 	C:\WINDOWS\System32\gdi32full.dll
0x00007ff9b2370000 - 0x00007ff9b240d000 	C:\WINDOWS\System32\msvcp_win.dll
0x00007ff9adec0000 - 0x00007ff9aded9000 	C:\Users\dasta\.jdks\corretto-11.0.14\bin\VCRUNTIME140.dll
0x00007ff99e4b0000 - 0x00007ff99e74a000 	C:\WINDOWS\WinSxS\amd64_microsoft.windows.common-controls_6595b64144ccf1df_6.0.19041.1110_none_60b5254171f9507e\COMCTL32.dll
0x00007ff9b44c0000 - 0x00007ff9b455e000 	C:\WINDOWS\System32\msvcrt.dll
0x00007ff9b2fa0000 - 0x00007ff9b2fd0000 	C:\WINDOWS\System32\IMM32.DLL
0x00007ff9abd80000 - 0x00007ff9abe1b000 	C:\Users\dasta\.jdks\corretto-11.0.14\bin\msvcp140.dll
0x00007ff955130000 - 0x00007ff955cb3000 	C:\Users\dasta\.jdks\corretto-11.0.14\bin\server\jvm.dll
0x00007ff9b4b60000 - 0x00007ff9b4c0e000 	C:\WINDOWS\System32\ADVAPI32.dll
0x00007ff9b3ee0000 - 0x00007ff9b3f7c000 	C:\WINDOWS\System32\sechost.dll
0x00007ff9b4560000 - 0x00007ff9b4685000 	C:\WINDOWS\System32\RPCRT4.dll
0x00007ff9b2cb0000 - 0x00007ff9b2cb8000 	C:\WINDOWS\System32\PSAPI.DLL
0x00007ff99d3e0000 - 0x00007ff99d3e9000 	C:\WINDOWS\SYSTEM32\WSOCK32.dll
0x00007ff9b43f0000 - 0x00007ff9b445b000 	C:\WINDOWS\System32\WS2_32.dll
0x00007ff99e900000 - 0x00007ff99e927000 	C:\WINDOWS\SYSTEM32\WINMM.dll
0x00007ff9aabf0000 - 0x00007ff9aabfa000 	C:\WINDOWS\SYSTEM32\VERSION.dll
0x00007ff9b02e0000 - 0x00007ff9b02f2000 	C:\WINDOWS\SYSTEM32\kernel.appcore.dll
0x00007ff9adf00000 - 0x00007ff9adf10000 	C:\Users\dasta\.jdks\corretto-11.0.14\bin\verify.dll
0x00007ff9afbb0000 - 0x00007ff9afd94000 	C:\WINDOWS\SYSTEM32\DBGHELP.DLL
0x00007ff9a13d0000 - 0x00007ff9a13fc000 	C:\WINDOWS\SYSTEM32\dbgcore.DLL
0x00007ff9b2410000 - 0x00007ff9b2492000 	C:\WINDOWS\System32\bcryptPrimitives.dll
0x00007ff9adc00000 - 0x00007ff9adc28000 	C:\Users\dasta\.jdks\corretto-11.0.14\bin\java.dll
0x00007ff9adeb0000 - 0x00007ff9adeba000 	C:\Users\dasta\.jdks\corretto-11.0.14\bin\jimage.dll
0x00007ff992510000 - 0x00007ff99251e000 	C:\Users\dasta\.jdks\corretto-11.0.14\bin\instrument.dll
0x00007ff9adbe0000 - 0x00007ff9adbf8000 	C:\Users\dasta\.jdks\corretto-11.0.14\bin\zip.dll
0x00007ff9b2fd0000 - 0x00007ff9b3714000 	C:\WINDOWS\System32\SHELL32.dll
0x00007ff9b0490000 - 0x00007ff9b0c24000 	C:\WINDOWS\SYSTEM32\windows.storage.dll
0x00007ff9b47e0000 - 0x00007ff9b4b34000 	C:\WINDOWS\System32\combase.dll
0x00007ff9b1de0000 - 0x00007ff9b1e0c000 	C:\WINDOWS\SYSTEM32\Wldp.dll
0x00007ff9b39c0000 - 0x00007ff9b3a6d000 	C:\WINDOWS\System32\SHCORE.dll
0x00007ff9b3930000 - 0x00007ff9b3985000 	C:\WINDOWS\System32\shlwapi.dll
0x00007ff9b22b0000 - 0x00007ff9b22cf000 	C:\WINDOWS\SYSTEM32\profapi.dll
0x00007ff9acdc0000 - 0x00007ff9acdd9000 	C:\Users\dasta\.jdks\corretto-11.0.14\bin\net.dll
0x00007ff9a2980000 - 0x00007ff9a2a8a000 	C:\WINDOWS\SYSTEM32\WINHTTP.dll
0x00007ff9b1b40000 - 0x00007ff9b1baa000 	C:\WINDOWS\system32\mswsock.dll
0x00007ff9abeb0000 - 0x00007ff9abec3000 	C:\Users\dasta\.jdks\corretto-11.0.14\bin\nio.dll
0x00007ff987a80000 - 0x00007ff987a9a000 	C:\Program Files\JetBrains\IntelliJ IDEA 2021.3.2\bin\breakgen64.dll
0x00007ff9b1820000 - 0x00007ff9b18eb000 	C:\WINDOWS\SYSTEM32\DNSAPI.dll
0x00007ff9b17e0000 - 0x00007ff9b181b000 	C:\WINDOWS\SYSTEM32\IPHLPAPI.DLL
0x00007ff9b2cc0000 - 0x00007ff9b2cc8000 	C:\WINDOWS\System32\NSI.dll
0x00007ff9a9420000 - 0x00007ff9a942a000 	C:\Windows\System32\rasadhlp.dll
0x00007ff99dee0000 - 0x00007ff99df5f000 	C:\WINDOWS\System32\fwpuclnt.dll
0x00007ff9b27c0000 - 0x00007ff9b27e7000 	C:\WINDOWS\System32\bcrypt.dll
0x00007ff988610000 - 0x00007ff988619000 	C:\Users\dasta\.jdks\corretto-11.0.14\bin\management.dll
0x00007ff987790000 - 0x00007ff98779b000 	C:\Users\dasta\.jdks\corretto-11.0.14\bin\management_ext.dll
0x00007ff9b1d30000 - 0x00007ff9b1d48000 	C:\WINDOWS\SYSTEM32\CRYPTSP.dll
0x00007ff9b1450000 - 0x00007ff9b1484000 	C:\WINDOWS\system32\rsaenh.dll
0x00007ff9b2230000 - 0x00007ff9b225e000 	C:\WINDOWS\SYSTEM32\USERENV.dll
0x00007ff9b1d50000 - 0x00007ff9b1d5c000 	C:\WINDOWS\SYSTEM32\CRYPTBASE.dll
0x00007ff9a8160000 - 0x00007ff9a8177000 	C:\WINDOWS\SYSTEM32\dhcpcsvc6.DLL
0x00007ff9a82d0000 - 0x00007ff9a82ed000 	C:\WINDOWS\SYSTEM32\dhcpcsvc.DLL
0x00007ff9970b0000 - 0x00007ff9970c7000 	C:\WINDOWS\system32\napinsp.dll
0x00007ff997090000 - 0x00007ff9970ab000 	C:\WINDOWS\system32\pnrpnsp.dll
0x00007ff9adb90000 - 0x00007ff9adbad000 	C:\WINDOWS\system32\NLAapi.dll
0x00007ff9acf70000 - 0x00007ff9acf85000 	C:\WINDOWS\system32\wshbth.dll
0x00007ff997070000 - 0x00007ff997082000 	C:\WINDOWS\System32\winrnr.dll
0x00007ff9acc90000 - 0x00007ff9acc9e000 	C:\Users\dasta\.jdks\corretto-11.0.14\bin\sunmscapi.dll
0x00007ff9b27f0000 - 0x00007ff9b2946000 	C:\WINDOWS\System32\CRYPT32.dll
0x00007ff9b1e50000 - 0x00007ff9b1e77000 	C:\WINDOWS\SYSTEM32\ncrypt.dll
0x00007ff9b1e10000 - 0x00007ff9b1e4b000 	C:\WINDOWS\SYSTEM32\NTASN1.dll
0x00007ff9abd50000 - 0x00007ff9abd75000 	C:\Users\dasta\.jdks\corretto-11.0.14\bin\sunec.dll

dbghelp: loaded successfully - version: 4.0.5 - missing functions: none
symbol engine: initialized successfully - sym options: 0x614 - pdb path: .;C:\Users\dasta\.jdks\corretto-11.0.14\bin;C:\WINDOWS\SYSTEM32;C:\Program Files\AVG\Antivirus;C:\WINDOWS\WinSxS\amd64_microsoft.windows.common-controls_6595b64144ccf1df_6.0.19041.1110_none_60b5254171f9507e;C:\Users\dasta\.jdks\corretto-11.0.14\bin\server;C:\Program Files\JetBrains\IntelliJ IDEA 2021.3.2\bin

VM Arguments:
jvm_args: -XX:TieredStopAtLevel=1 -Xverify:none -Dspring.output.ansi.enabled=always -Dcom.sun.management.jmxremote -Dspring.jmx.enabled=true -Dspring.liveBeansView.mbeanDomain -Dspring.application.admin.enabled=true -javaagent:C:\Program Files\JetBrains\IntelliJ IDEA 2021.3.2\lib\idea_rt.jar=56707:C:\Program Files\JetBrains\IntelliJ IDEA 2021.3.2\bin -Dfile.encoding=UTF-8 
java_command: com.example.athena.AthenaApplication
java_class_path (initial): C:\Users\dasta\IdeaProjects\demo\Athena\target\classes;C:\Users\dasta\.m2\repository\org\springframework\boot\spring-boot-starter-thymeleaf\2.6.7\spring-boot-starter-thymeleaf-2.6.7.jar;C:\Users\dasta\.m2\repository\org\springframework\boot\spring-boot-starter\2.6.7\spring-boot-starter-2.6.7.jar;C:\Users\dasta\.m2\repository\org\springframework\boot\spring-boot-starter-logging\2.6.7\spring-boot-starter-logging-2.6.7.jar;C:\Users\dasta\.m2\repository\ch\qos\logback\logback-classic\1.2.11\logback-classic-1.2.11.jar;C:\Users\dasta\.m2\repository\ch\qos\logback\logback-core\1.2.11\logback-core-1.2.11.jar;C:\Users\dasta\.m2\repository\org\apache\logging\log4j\log4j-to-slf4j\2.17.2\log4j-to-slf4j-2.17.2.jar;C:\Users\dasta\.m2\repository\org\apache\logging\log4j\log4j-api\2.17.2\log4j-api-2.17.2.jar;C:\Users\dasta\.m2\repository\org\slf4j\jul-to-slf4j\1.7.36\jul-to-slf4j-1.7.36.jar;C:\Users\dasta\.m2\repository\jakarta\annotation\jakarta.annotation-api\1.3.5\jakarta.annotation-api-1.3.5.jar;C:\Users\dasta\.m2\repository\org\yaml\snakeyaml\1.29\snakeyaml-1.29.jar;C:\Users\dasta\.m2\repository\org\thymeleaf\thymeleaf-spring5\3.0.15.RELEASE\thymeleaf-spring5-3.0.15.RELEASE.jar;C:\Users\dasta\.m2\repository\org\thymeleaf\thymeleaf\3.0.15.RELEASE\thymeleaf-3.0.15.RELEASE.jar;C:\Users\dasta\.m2\repository\org\attoparser\attoparser\2.0.5.RELEASE\attoparser-2.0.5.RELEASE.jar;C:\Users\dasta\.m2\repository\org\unbescape\unbescape\1.1.6.RELEASE\unbescape-1.1.6.RELEASE.jar;C:\Users\dasta\.m2\repository\org\slf4j\slf4j-api\1.7.36\slf4j-api-1.7.36.jar;C:\Users\dasta\.m2\repository\org\thymeleaf\extras\thymeleaf-extras-java8time\3.0.4.RELEASE\thymeleaf-extras-java8time-3.0.4.RELEASE.jar;C:\Users\dasta\.m2\repository\org\springframework\boot\spring-boot-starter-web\2.6.7\spring-boot-starter-web-2.6.7.jar;C:\Users\dasta\.m2\repository\org\springframework\boot\spring-boot-starter-json\2.6.7\spring-boot-starter-json-2.6.7.jar;C:\Users\dasta\.m2\repository\com\fas
Launcher Type: SUN_STANDARD

[Global flags]
     bool BytecodeVerificationLocal                = false                                     {product} {command line}
     bool BytecodeVerificationRemote               = false                                     {product} {command line}
     intx CICompilerCount                          = 3                                         {product} {ergonomic}
     uint ConcGCThreads                            = 1                                         {product} {ergonomic}
     uint G1ConcRefinementThreads                  = 4                                         {product} {ergonomic}
   size_t G1HeapRegionSize                         = 1048576                                   {product} {ergonomic}
    uintx GCDrainStackTargetSize                   = 64                                        {product} {ergonomic}
   size_t InitialHeapSize                          = 134217728                                 {product} {ergonomic}
     bool ManagementServer                         = true                                      {product} {command line}
   size_t MarkStackSize                            = 4194304                                   {product} {ergonomic}
   size_t MaxHeapSize                              = 2118123520                                {product} {ergonomic}
   size_t MaxNewSize                               = 1270874112                                {product} {ergonomic}
   size_t MinHeapDeltaBytes                        = 1048576                                   {product} {ergonomic}
    uintx NonNMethodCodeHeapSize                   = 6973028                                {pd product} {ergonomic}
    uintx NonProfiledCodeHeapSize                  = 244685212                              {pd product} {ergonomic}
    uintx ProfiledCodeHeapSize                     = 0                                      {pd product} {ergonomic}
    uintx ReservedCodeCacheSize                    = 251658240                              {pd product} {ergonomic}
     bool SegmentedCodeCache                       = true                                      {product} {ergonomic}
     intx TieredStopAtLevel                        = 1                                         {product} {command line}
     bool UseCompressedClassPointers               = true                                 {lp64_product} {ergonomic}
     bool UseCompressedOops                        = true                                 {lp64_product} {ergonomic}
     bool UseG1GC                                  = true                                      {product} {ergonomic}
     bool UseLargePagesIndividualAllocation        = false                                  {pd product} {ergonomic}

Logging:
Log output configuration:
 #0: stdout all=warning uptime,level,tags
 #1: stderr all=off uptime,level,tags

Environment Variables:
PATH=C:\ProgramData\Oracle\Java\javapath;C:\Program Files\Common Files\Oracle\Java\javapath;C:\Program Files (x86)\NVIDIA Corporation\PhysX\Common;C:\WINDOWS\system32;C:\WINDOWS;C:\WINDOWS\System32\Wbem;C:\WINDOWS\System32\WindowsPowerShell\v1.0\;C:\WINDOWS\System32\OpenSSH\;C:\Program Files (x86)\dotnet\;C:\Program Files (x86)\Bitvise SSH Client;C:\Program Files\Git\cmd;C:\Program Files\MySQL\MySQL Shell 8.0\bin\;C:\Users\dasta\AppData\Local\Microsoft\WindowsApps;;C:\Program Files\JetBrains\IntelliJ IDEA Community Edition 2020.3.1\bin;C:\Program Files\Java\jdk-15.0.2\bin;;C:\Program Files\JetBrains\PyCharm Community Edition 2020.3.4\bin;;C:\Program Files (x86)\Brackets\
USERNAME=dasta
OS=Windows_NT
PROCESSOR_IDENTIFIER=Intel64 Family 6 Model 142 Stepping 9, GenuineIntel



---------------  S Y S T E M  ---------------

OS: Windows 10 , 64 bit Build 19041 (10.0.19041.1645)
OS uptime: 0 days 3:28 hours

CPU:total 4 (initial active 4) (2 cores per cpu, 2 threads per core) family 6 model 142 stepping 9 microcode 0xb4, cmov, cx8, fxsr, mmx, sse, sse2, sse3, ssse3, sse4.1, sse4.2, popcnt, avx, avx2, aes, clmul, erms, 3dnowpref, lzcnt, ht, tsc, tscinvbit, bmi1, bmi2, adx, fma

Memory: 4k page, system-wide physical 8074M (680M free)
TotalPageFile size 8074M (AvailPageFile size 0M)
current process WorkingSet (physical memory assigned to process): 195M, peak: 195M
current process commit charge ("private bytes"): 286M, peak: 287M

vm_info: OpenJDK 64-Bit Server VM (11.0.14+9-LTS) for windows-amd64 JRE (11.0.14+9-LTS), built on Jan 15 2022 01:18:46 by "Administrator" with unknown MS VC++:1916

END.
