#
# There is insufficient memory for the Java Runtime Environment to continue.
# Native memory allocation (malloc) failed to allocate 1048576 bytes for AllocateHeap
# Possible reasons:
#   The system is out of physical RAM or swap space
#   The process is running with CompressedOops enabled, and the Java Heap may be blocking the growth of the native heap
# Possible solutions:
#   Reduce memory load on the system
#   Increase physical memory or swap space
#   Check if swap backing store is full
#   Decrease Java heap size (-Xmx/-Xms)
#   Decrease number of Java threads
#   Decrease Java thread stack sizes (-Xss)
#   Set larger code cache with -XX:ReservedCodeCacheSize=
#   JVM is running with Unscaled Compressed Oops mode in which the Java heap is
#     placed in the first 4GB address space. The Java Heap base address is the
#     maximum limit for the native heap growth. Please use -XX:HeapBaseMinAddress
#     to set the Java Heap base and to place the Java Heap above 4GB virtual address.
# This output file may be truncated or incomplete.
#
#  Out of Memory Error (./src/hotspot/share/memory/allocation.cpp:46), pid=8532, tid=9440
#
# JRE version: OpenJDK Runtime Environment Corretto-11.0.14.9.1 (11.0.14+9) (build 11.0.14+9-LTS)
# Java VM: OpenJDK 64-Bit Server VM Corretto-11.0.14.9.1 (11.0.14+9-LTS, mixed mode, tiered, compressed oops, g1 gc, windows-amd64)
# No core dump will be written. Minidumps are not enabled by default on client versions of Windows
#

---------------  S U M M A R Y ------------

Command Line: -XX:TieredStopAtLevel=1 -Xverify:none -Dspring.output.ansi.enabled=always -Dcom.sun.management.jmxremote -Dspring.jmx.enabled=true -Dspring.liveBeansView.mbeanDomain -Dspring.application.admin.enabled=true -javaagent:C:\Program Files\JetBrains\IntelliJ IDEA 2021.3.2\lib\idea_rt.jar=61440:C:\Program Files\JetBrains\IntelliJ IDEA 2021.3.2\bin -Dfile.encoding=UTF-8 com.example.athena.AthenaApplication

Host: Intel(R) Core(TM) i3-7020U CPU @ 2.30GHz, 4 cores, 7G,  Windows 10 , 64 bit Build 19041 (10.0.19041.1645)
Time: Fri May  6 02:29:48 2022 Центральная Азия (зима) elapsed time: 5.464040 seconds (0d 0h 0m 5s)

---------------  T H R E A D  ---------------

Current thread (0x000002219ee0f800):  VMThread "VM Thread" [stack: 0x000000eab6700000,0x000000eab6800000] [id=9440]

Stack: [0x000000eab6700000,0x000000eab6800000]
[error occurred during error reporting (printing stack bounds), id 0xc0000005, EXCEPTION_ACCESS_VIOLATION (0xc0000005) at pc=0x000002218868112d]

Native frames: (J=compiled Java code, j=interpreted, Vv=VM code, C=native code)
V  [jvm.dll+0x61e62a]
V  [jvm.dll+0x7ab569]
V  [jvm.dll+0x7acc58]
V  [jvm.dll+0x7ad295]
V  [jvm.dll+0x7ad24b]
V  [jvm.dll+0x61d9b7]
V  [jvm.dll+0x61e0c8]
C  [ntdll.dll+0xa20cf]
C  [ntdll.dll+0x51454]
C  [ntdll.dll+0xa0bfe]
C  0x000002218868112d

VM_Operation (0x000000eab77f9ef0): CollectForMetadataAllocation, mode: safepoint, requested by thread 0x00000221a0e63000


---------------  P R O C E S S  ---------------

Threads class SMR info:
_java_thread_list=0x00000221a1af62e0, length=20, elements={
0x00000221fa3fb000, 0x000002219ee45000, 0x000002219ee4f000, 0x000002219f7d3800,
0x000002219ee58800, 0x000002219ee5a000, 0x000002219ee5e000, 0x000002219ee65800,
0x000002219edc8800, 0x000002219fc9b000, 0x000002219fe83800, 0x00000221a038d800,
0x00000221a0e63000, 0x00000221a0e9e800, 0x00000221a0ea9800, 0x00000221a1ad9000,
0x00000221a1ad9800, 0x00000221a1ad4800, 0x00000221a1b55000, 0x00000221a1c4c000
}

Java Threads: ( => current thread )
  0x00000221fa3fb000 JavaThread "main" [_thread_blocked, id=12580, stack(0x000000eab6100000,0x000000eab6200000)]
  0x000002219ee45000 JavaThread "Reference Handler" daemon [_thread_blocked, id=504, stack(0x000000eab6800000,0x000000eab6900000)]
  0x000002219ee4f000 JavaThread "Finalizer" daemon [_thread_blocked, id=5952, stack(0x000000eab6900000,0x000000eab6a00000)]
  0x000002219f7d3800 JavaThread "Signal Dispatcher" daemon [_thread_blocked, id=4544, stack(0x000000eab6a00000,0x000000eab6b00000)]
  0x000002219ee58800 JavaThread "Attach Listener" daemon [_thread_blocked, id=13164, stack(0x000000eab6b00000,0x000000eab6c00000)]
  0x000002219ee5a000 JavaThread "Service Thread" daemon [_thread_blocked, id=12196, stack(0x000000eab6c00000,0x000000eab6d00000)]
  0x000002219ee5e000 JavaThread "C1 CompilerThread0" daemon [_thread_blocked, id=6028, stack(0x000000eab6d00000,0x000000eab6e00000)]
  0x000002219ee65800 JavaThread "Sweeper thread" daemon [_thread_blocked, id=13084, stack(0x000000eab6e00000,0x000000eab6f00000)]
  0x000002219edc8800 JavaThread "Common-Cleaner" daemon [_thread_blocked, id=2092, stack(0x000000eab6f00000,0x000000eab7000000)]
  0x000002219fc9b000 JavaThread "Monitor Ctrl-Break" daemon [_thread_in_native, id=9600, stack(0x000000eab7000000,0x000000eab7100000)]
  0x000002219fe83800 JavaThread "RMI TCP Accept-0" daemon [_thread_in_native, id=540, stack(0x000000eab7100000,0x000000eab7200000)]
  0x00000221a038d800 JavaThread "Thread-0" [_thread_blocked, id=6000, stack(0x000000eab7600000,0x000000eab7700000)]
  0x00000221a0e63000 JavaThread "restartedMain" [_thread_blocked, id=12460, stack(0x000000eab7700000,0x000000eab7800000)]
  0x00000221a0e9e800 JavaThread "RMI TCP Connection(1)-192.168.0.103" daemon [_thread_in_native, id=9372, stack(0x000000eab7800000,0x000000eab7900000)]
  0x00000221a0ea9800 JavaThread "RMI Scheduler(0)" daemon [_thread_blocked, id=10456, stack(0x000000eab7900000,0x000000eab7a00000)]
  0x00000221a1ad9000 JavaThread "Catalina-utility-1" [_thread_blocked, id=1296, stack(0x000000eab7b00000,0x000000eab7c00000)]
  0x00000221a1ad9800 JavaThread "Catalina-utility-2" [_thread_blocked, id=13132, stack(0x000000eab7c00000,0x000000eab7d00000)]
  0x00000221a1ad4800 JavaThread "container-0" [_thread_blocked, id=13048, stack(0x000000eab7d00000,0x000000eab7e00000)]
  0x00000221a1b55000 JavaThread "HikariPool-1 housekeeper" daemon [_thread_blocked, id=3436, stack(0x000000eab7f00000,0x000000eab8000000)]
  0x00000221a1c4c000 JavaThread "HikariPool-1 connection adder" daemon [_thread_blocked, id=9868, stack(0x000000eab8000000,0x000000eab8100000)]

Other Threads:
=>0x000002219ee0f800 VMThread "VM Thread" [stack: 0x000000eab6700000,0x000000eab6800000] [id=9440]
  0x000002219fe8f000 WatcherThread [stack: 0x000000eab7200000,0x000000eab7300000] [id=4436]
  0x00000221fa413800 GCTaskThread "GC Thread#0" [stack: 0x000000eab6200000,0x000000eab6300000] [id=12596]
  0x000002219ffc9000 GCTaskThread "GC Thread#1" [stack: 0x000000eab7300000,0x000000eab7400000] [id=5844]
  0x000002219ffca000 GCTaskThread "GC Thread#2" [stack: 0x000000eab7400000,0x000000eab7500000] [id=7068]
  0x00000221a0f85800 GCTaskThread "GC Thread#3" [stack: 0x000000eab7a00000,0x000000eab7b00000] [id=8088]
  0x00000221fa444800 ConcurrentGCThread "G1 Main Marker" [stack: 0x000000eab6300000,0x000000eab6400000] [id=9716]
  0x00000221fa447800 ConcurrentGCThread "G1 Conc#0" [stack: 0x000000eab6400000,0x000000eab6500000] [id=2236]
  0x000002219ec80800 ConcurrentGCThread "G1 Refine#0" [stack: 0x000000eab6500000,0x000000eab6600000] [id=11200]
  0x000002219fa63000 ConcurrentGCThread "G1 Refine#1" [stack: 0x000000eab7500000,0x000000eab7600000] [id=11688]
  0x000002219ec81800 ConcurrentGCThread "G1 Young RemSet Sampling" [stack: 0x000000eab6600000,0x000000eab6700000] [id=11076]

Threads with active compile tasks:

VM state:at safepoint (normal execution)

VM Mutex/Monitor currently owned by a thread:  ([mutex/lock_event])
[0x00000221fa3f7240] Threads_lock - owner thread: 0x000002219ee0f800
[0x00000221fa3f8290] Heap_lock - owner thread: 0x00000221a0e63000

Heap address: 0x0000000081c00000, size: 2020 MB, Compressed Oops mode: 32-bit
Narrow klass base: 0x0000000000000000, Narrow klass shift: 3
Compressed class space size: 1073741824 Address: 0x0000000100000000

Heap:
 garbage-first heap   total 157696K, used 18130K [0x0000000081c00000, 0x0000000100000000)
  region size 1024K, 7 young (7168K), 7 survivors (7168K)
 Metaspace       used 41509K, capacity 42929K, committed 43088K, reserved 1097728K
  class space    used 5190K, capacity 5773K, committed 5888K, reserved 1048576K
Heap Regions: E=young(eden), S=young(survivor), O=old, HS=humongous(starts), HC=humongous(continues), CS=collection set, F=free, A=archive, TAMS=top-at-mark-start (previous, next)
|   0|0x0000000081c00000, 0x0000000081d00000, 0x0000000081d00000|100%|HS|  |TAMS 0x0000000081d00000, 0x0000000081d00000| Complete 
|   1|0x0000000081d00000, 0x0000000081e00000, 0x0000000081e00000|100%| O|  |TAMS 0x0000000081e00000, 0x0000000081e00000| Untracked 
|   2|0x0000000081e00000, 0x0000000081f00000, 0x0000000081f00000|100%| O|  |TAMS 0x0000000081f00000, 0x0000000081f00000| Untracked 
|   3|0x0000000081f00000, 0x0000000082000000, 0x0000000082000000|100%| O|  |TAMS 0x0000000082000000, 0x0000000082000000| Untracked 
|   4|0x0000000082000000, 0x0000000082100000, 0x0000000082100000|100%| O|  |TAMS 0x0000000082100000, 0x0000000082100000| Untracked 
|   5|0x0000000082100000, 0x0000000082200000, 0x0000000082200000|100%| O|  |TAMS 0x0000000082200000, 0x0000000082200000| Untracked 
|   6|0x0000000082200000, 0x0000000082300000, 0x0000000082300000|100%| O|  |TAMS 0x000000008229dc00, 0x0000000082300000| Untracked 
|   7|0x0000000082300000, 0x0000000082400000, 0x0000000082400000|100%| O|  |TAMS 0x0000000082300000, 0x0000000082400000| Untracked 
|   8|0x0000000082400000, 0x0000000082500000, 0x0000000082500000|100%| O|  |TAMS 0x0000000082400000, 0x0000000082500000| Untracked 
|   9|0x0000000082500000, 0x0000000082600000, 0x0000000082600000|100%| O|  |TAMS 0x0000000082500000, 0x0000000082600000| Untracked 
|  10|0x0000000082600000, 0x0000000082700000, 0x0000000082700000|100%| O|  |TAMS 0x0000000082600000, 0x0000000082700000| Untracked 
|  11|0x0000000082700000, 0x0000000082751a00, 0x0000000082800000| 31%| O|  |TAMS 0x0000000082700000, 0x0000000082751a00| Untracked 
|  12|0x0000000082800000, 0x0000000082800000, 0x0000000082900000|  0%| F|  |TAMS 0x0000000082800000, 0x0000000082800000| Untracked 
|  13|0x0000000082900000, 0x0000000082900000, 0x0000000082a00000|  0%| F|  |TAMS 0x0000000082900000, 0x0000000082900000| Untracked 
|  14|0x0000000082a00000, 0x0000000082a00000, 0x0000000082b00000|  0%| F|  |TAMS 0x0000000082a00000, 0x0000000082a00000| Untracked 
|  15|0x0000000082b00000, 0x0000000082b00000, 0x0000000082c00000|  0%| F|  |TAMS 0x0000000082b00000, 0x0000000082b00000| Untracked 
|  16|0x0000000082c00000, 0x0000000082c00000, 0x0000000082d00000|  0%| F|  |TAMS 0x0000000082c00000, 0x0000000082c00000| Untracked 
|  17|0x0000000082d00000, 0x0000000082d00000, 0x0000000082e00000|  0%| F|  |TAMS 0x0000000082d00000, 0x0000000082d00000| Untracked 
|  18|0x0000000082e00000, 0x0000000082e00000, 0x0000000082f00000|  0%| F|  |TAMS 0x0000000082e00000, 0x0000000082e00000| Untracked 
|  19|0x0000000082f00000, 0x0000000082f00000, 0x0000000083000000|  0%| F|  |TAMS 0x0000000082f00000, 0x0000000082f00000| Untracked 
|  20|0x0000000083000000, 0x0000000083000000, 0x0000000083100000|  0%| F|  |TAMS 0x0000000083000000, 0x0000000083000000| Untracked 
|  21|0x0000000083100000, 0x0000000083100000, 0x0000000083200000|  0%| F|  |TAMS 0x0000000083100000, 0x0000000083100000| Untracked 
|  22|0x0000000083200000, 0x0000000083200000, 0x0000000083300000|  0%| F|  |TAMS 0x0000000083200000, 0x0000000083200000| Untracked 
|  23|0x0000000083300000, 0x0000000083300000, 0x0000000083400000|  0%| F|  |TAMS 0x0000000083300000, 0x0000000083300000| Untracked 
|  24|0x0000000083400000, 0x0000000083400000, 0x0000000083500000|  0%| F|  |TAMS 0x0000000083400000, 0x0000000083400000| Untracked 
|  25|0x0000000083500000, 0x0000000083500000, 0x0000000083600000|  0%| F|  |TAMS 0x0000000083500000, 0x0000000083500000| Untracked 
|  26|0x0000000083600000, 0x0000000083600000, 0x0000000083700000|  0%| F|  |TAMS 0x0000000083600000, 0x0000000083600000| Untracked 
|  27|0x0000000083700000, 0x0000000083700000, 0x0000000083800000|  0%| F|  |TAMS 0x0000000083700000, 0x0000000083700000| Untracked 
|  28|0x0000000083800000, 0x0000000083800000, 0x0000000083900000|  0%| F|  |TAMS 0x0000000083800000, 0x0000000083800000| Untracked 
|  29|0x0000000083900000, 0x0000000083900000, 0x0000000083a00000|  0%| F|  |TAMS 0x0000000083900000, 0x0000000083900000| Untracked 
|  30|0x0000000083a00000, 0x0000000083a00000, 0x0000000083b00000|  0%| F|  |TAMS 0x0000000083a00000, 0x0000000083a00000| Untracked 
|  31|0x0000000083b00000, 0x0000000083b00000, 0x0000000083c00000|  0%| F|  |TAMS 0x0000000083b00000, 0x0000000083b00000| Untracked 
|  32|0x0000000083c00000, 0x0000000083c00000, 0x0000000083d00000|  0%| F|  |TAMS 0x0000000083c00000, 0x0000000083c00000| Untracked 
|  33|0x0000000083d00000, 0x0000000083d00000, 0x0000000083e00000|  0%| F|  |TAMS 0x0000000083d00000, 0x0000000083d00000| Untracked 
|  34|0x0000000083e00000, 0x0000000083e00000, 0x0000000083f00000|  0%| F|  |TAMS 0x0000000083e00000, 0x0000000083e00000| Untracked 
|  35|0x0000000083f00000, 0x0000000083f00000, 0x0000000084000000|  0%| F|  |TAMS 0x0000000083f00000, 0x0000000083f00000| Untracked 
|  36|0x0000000084000000, 0x0000000084000000, 0x0000000084100000|  0%| F|  |TAMS 0x0000000084000000, 0x0000000084000000| Untracked 
|  37|0x0000000084100000, 0x0000000084100000, 0x0000000084200000|  0%| F|  |TAMS 0x0000000084100000, 0x0000000084100000| Untracked 
|  38|0x0000000084200000, 0x0000000084200000, 0x0000000084300000|  0%| F|  |TAMS 0x0000000084200000, 0x0000000084200000| Untracked 
|  39|0x0000000084300000, 0x0000000084300000, 0x0000000084400000|  0%| F|  |TAMS 0x0000000084300000, 0x0000000084300000| Untracked 
|  40|0x0000000084400000, 0x0000000084400000, 0x0000000084500000|  0%| F|  |TAMS 0x0000000084400000, 0x0000000084400000| Untracked 
|  41|0x0000000084500000, 0x0000000084500000, 0x0000000084600000|  0%| F|  |TAMS 0x0000000084500000, 0x0000000084500000| Untracked 
|  42|0x0000000084600000, 0x0000000084600000, 0x0000000084700000|  0%| F|  |TAMS 0x0000000084600000, 0x0000000084600000| Untracked 
|  43|0x0000000084700000, 0x0000000084700000, 0x0000000084800000|  0%| F|  |TAMS 0x0000000084700000, 0x0000000084700000| Untracked 
|  44|0x0000000084800000, 0x0000000084800000, 0x0000000084900000|  0%| F|  |TAMS 0x0000000084800000, 0x0000000084800000| Untracked 
|  45|0x0000000084900000, 0x0000000084900000, 0x0000000084a00000|  0%| F|  |TAMS 0x0000000084900000, 0x0000000084900000| Untracked 
|  46|0x0000000084a00000, 0x0000000084a00000, 0x0000000084b00000|  0%| F|  |TAMS 0x0000000084a00000, 0x0000000084a00000| Untracked 
|  47|0x0000000084b00000, 0x0000000084b00000, 0x0000000084c00000|  0%| F|  |TAMS 0x0000000084b00000, 0x0000000084b00000| Untracked 
|  48|0x0000000084c00000, 0x0000000084c00000, 0x0000000084d00000|  0%| F|  |TAMS 0x0000000084c00000, 0x0000000084c00000| Untracked 
|  49|0x0000000084d00000, 0x0000000084d00000, 0x0000000084e00000|  0%| F|  |TAMS 0x0000000084d00000, 0x0000000084d00000| Untracked 
|  50|0x0000000084e00000, 0x0000000084e00000, 0x0000000084f00000|  0%| F|  |TAMS 0x0000000084e00000, 0x0000000084e00000| Untracked 
|  51|0x0000000084f00000, 0x0000000084f00000, 0x0000000085000000|  0%| F|  |TAMS 0x0000000084f00000, 0x0000000084f00000| Untracked 
|  52|0x0000000085000000, 0x0000000085000000, 0x0000000085100000|  0%| F|  |TAMS 0x0000000085000000, 0x0000000085000000| Untracked 
|  53|0x0000000085100000, 0x0000000085100000, 0x0000000085200000|  0%| F|  |TAMS 0x0000000085100000, 0x0000000085100000| Untracked 
|  54|0x0000000085200000, 0x0000000085200000, 0x0000000085300000|  0%| F|  |TAMS 0x0000000085200000, 0x0000000085200000| Untracked 
|  55|0x0000000085300000, 0x0000000085300000, 0x0000000085400000|  0%| F|  |TAMS 0x0000000085300000, 0x0000000085300000| Untracked 
|  56|0x0000000085400000, 0x0000000085400000, 0x0000000085500000|  0%| F|  |TAMS 0x0000000085400000, 0x0000000085400000| Untracked 
|  57|0x0000000085500000, 0x0000000085500000, 0x0000000085600000|  0%| F|  |TAMS 0x0000000085500000, 0x0000000085500000| Untracked 
|  58|0x0000000085600000, 0x0000000085600000, 0x0000000085700000|  0%| F|  |TAMS 0x0000000085600000, 0x0000000085600000| Untracked 
|  59|0x0000000085700000, 0x0000000085700000, 0x0000000085800000|  0%| F|  |TAMS 0x0000000085700000, 0x0000000085700000| Untracked 
|  60|0x0000000085800000, 0x0000000085800000, 0x0000000085900000|  0%| F|  |TAMS 0x0000000085800000, 0x0000000085800000| Untracked 
|  61|0x0000000085900000, 0x0000000085900000, 0x0000000085a00000|  0%| F|  |TAMS 0x0000000085900000, 0x0000000085900000| Untracked 
|  62|0x0000000085a00000, 0x0000000085a00000, 0x0000000085b00000|  0%| F|  |TAMS 0x0000000085a00000, 0x0000000085a00000| Untracked 
|  63|0x0000000085b00000, 0x0000000085b00000, 0x0000000085c00000|  0%| F|  |TAMS 0x0000000085b00000, 0x0000000085b00000| Untracked 
|  64|0x0000000085c00000, 0x0000000085c00000, 0x0000000085d00000|  0%| F|  |TAMS 0x0000000085c00000, 0x0000000085c00000| Untracked 
|  65|0x0000000085d00000, 0x0000000085d00000, 0x0000000085e00000|  0%| F|  |TAMS 0x0000000085d00000, 0x0000000085d00000| Untracked 
|  66|0x0000000085e00000, 0x0000000085e00000, 0x0000000085f00000|  0%| F|  |TAMS 0x0000000085e00000, 0x0000000085e00000| Untracked 
|  67|0x0000000085f00000, 0x0000000085f00000, 0x0000000086000000|  0%| F|  |TAMS 0x0000000085f00000, 0x0000000085f00000| Untracked 
|  68|0x0000000086000000, 0x0000000086000000, 0x0000000086100000|  0%| F|  |TAMS 0x0000000086000000, 0x0000000086000000| Untracked 
|  69|0x0000000086100000, 0x0000000086100000, 0x0000000086200000|  0%| F|  |TAMS 0x0000000086100000, 0x0000000086100000| Untracked 
|  70|0x0000000086200000, 0x0000000086200000, 0x0000000086300000|  0%| F|  |TAMS 0x0000000086200000, 0x0000000086200000| Untracked 
|  71|0x0000000086300000, 0x0000000086300000, 0x0000000086400000|  0%| F|  |TAMS 0x0000000086300000, 0x0000000086300000| Untracked 
|  72|0x0000000086400000, 0x0000000086400000, 0x0000000086500000|  0%| F|  |TAMS 0x0000000086400000, 0x0000000086400000| Untracked 
|  73|0x0000000086500000, 0x0000000086500000, 0x0000000086600000|  0%| F|  |TAMS 0x0000000086500000, 0x0000000086500000| Untracked 
|  74|0x0000000086600000, 0x0000000086600000, 0x0000000086700000|  0%| F|  |TAMS 0x0000000086600000, 0x0000000086600000| Untracked 
|  75|0x0000000086700000, 0x0000000086700000, 0x0000000086800000|  0%| F|  |TAMS 0x0000000086700000, 0x0000000086700000| Untracked 
|  76|0x0000000086800000, 0x0000000086800000, 0x0000000086900000|  0%| F|  |TAMS 0x0000000086800000, 0x0000000086800000| Untracked 
|  77|0x0000000086900000, 0x0000000086900000, 0x0000000086a00000|  0%| F|  |TAMS 0x0000000086900000, 0x0000000086900000| Untracked 
|  78|0x0000000086a00000, 0x0000000086a00000, 0x0000000086b00000|  0%| F|  |TAMS 0x0000000086a00000, 0x0000000086a00000| Untracked 
|  79|0x0000000086b00000, 0x0000000086b00000, 0x0000000086c00000|  0%| F|  |TAMS 0x0000000086b00000, 0x0000000086b00000| Untracked 
|  80|0x0000000086c00000, 0x0000000086c00000, 0x0000000086d00000|  0%| F|  |TAMS 0x0000000086c00000, 0x0000000086c00000| Untracked 
|  81|0x0000000086d00000, 0x0000000086d00000, 0x0000000086e00000|  0%| F|  |TAMS 0x0000000086d00000, 0x0000000086d00000| Untracked 
|  82|0x0000000086e00000, 0x0000000086e00000, 0x0000000086f00000|  0%| F|  |TAMS 0x0000000086e00000, 0x0000000086e00000| Untracked 
|  83|0x0000000086f00000, 0x0000000086f00000, 0x0000000087000000|  0%| F|  |TAMS 0x0000000086f00000, 0x0000000086f00000| Untracked 
|  84|0x0000000087000000, 0x0000000087000000, 0x0000000087100000|  0%| F|  |TAMS 0x0000000087000000, 0x0000000087000000| Untracked 
|  85|0x0000000087100000, 0x0000000087100000, 0x0000000087200000|  0%| F|  |TAMS 0x0000000087100000, 0x0000000087100000| Untracked 
|  86|0x0000000087200000, 0x0000000087200000, 0x0000000087300000|  0%| F|  |TAMS 0x0000000087200000, 0x0000000087200000| Untracked 
|  87|0x0000000087300000, 0x0000000087300000, 0x0000000087400000|  0%| F|  |TAMS 0x0000000087300000, 0x0000000087300000| Untracked 
|  88|0x0000000087400000, 0x0000000087400000, 0x0000000087500000|  0%| F|  |TAMS 0x0000000087400000, 0x0000000087400000| Untracked 
|  89|0x0000000087500000, 0x0000000087500000, 0x0000000087600000|  0%| F|  |TAMS 0x0000000087500000, 0x0000000087500000| Untracked 
|  90|0x0000000087600000, 0x0000000087600000, 0x0000000087700000|  0%| F|  |TAMS 0x0000000087600000, 0x0000000087600000| Untracked 
|  91|0x0000000087700000, 0x0000000087700000, 0x0000000087800000|  0%| F|  |TAMS 0x0000000087700000, 0x0000000087700000| Untracked 
|  92|0x0000000087800000, 0x0000000087800000, 0x0000000087900000|  0%| F|  |TAMS 0x0000000087800000, 0x0000000087800000| Untracked 
|  93|0x0000000087900000, 0x00000000879631c0, 0x0000000087a00000| 38%| S|CS|TAMS 0x0000000087900000, 0x0000000087900000| Complete 
|  94|0x0000000087a00000, 0x0000000087b00000, 0x0000000087b00000|100%| S|CS|TAMS 0x0000000087a00000, 0x0000000087a00000| Complete 
|  95|0x0000000087b00000, 0x0000000087c00000, 0x0000000087c00000|100%| S|CS|TAMS 0x0000000087b00000, 0x0000000087b00000| Complete 
|  96|0x0000000087c00000, 0x0000000087d00000, 0x0000000087d00000|100%| S|CS|TAMS 0x0000000087c00000, 0x0000000087c00000| Complete 
|  97|0x0000000087d00000, 0x0000000087e00000, 0x0000000087e00000|100%| S|CS|TAMS 0x0000000087d00000, 0x0000000087d00000| Complete 
|  98|0x0000000087e00000, 0x0000000087f00000, 0x0000000087f00000|100%| S|CS|TAMS 0x0000000087e00000, 0x0000000087e00000| Complete 
|  99|0x0000000087f00000, 0x0000000088000000, 0x0000000088000000|100%| S|CS|TAMS 0x0000000087f00000, 0x0000000087f00000| Complete 
| 100|0x0000000088000000, 0x0000000088000000, 0x0000000088100000|  0%| F|  |TAMS 0x0000000088000000, 0x0000000088000000| Untracked 
| 101|0x0000000088100000, 0x0000000088100000, 0x0000000088200000|  0%| F|  |TAMS 0x0000000088100000, 0x0000000088100000| Untracked 
| 102|0x0000000088200000, 0x0000000088200000, 0x0000000088300000|  0%| F|  |TAMS 0x0000000088200000, 0x0000000088200000| Untracked 
| 103|0x0000000088300000, 0x0000000088300000, 0x0000000088400000|  0%| F|  |TAMS 0x0000000088300000, 0x0000000088300000| Untracked 
| 104|0x0000000088400000, 0x0000000088400000, 0x0000000088500000|  0%| F|  |TAMS 0x0000000088400000, 0x0000000088400000| Untracked 
| 105|0x0000000088500000, 0x0000000088500000, 0x0000000088600000|  0%| F|  |TAMS 0x0000000088500000, 0x0000000088500000| Untracked 
| 106|0x0000000088600000, 0x0000000088600000, 0x0000000088700000|  0%| F|  |TAMS 0x0000000088600000, 0x0000000088600000| Untracked 
| 107|0x0000000088700000, 0x0000000088700000, 0x0000000088800000|  0%| F|  |TAMS 0x0000000088700000, 0x0000000088700000| Untracked 
| 108|0x0000000088800000, 0x0000000088800000, 0x0000000088900000|  0%| F|  |TAMS 0x0000000088800000, 0x0000000088800000| Untracked 
| 109|0x0000000088900000, 0x0000000088900000, 0x0000000088a00000|  0%| F|  |TAMS 0x0000000088900000, 0x0000000088900000| Untracked 
| 110|0x0000000088a00000, 0x0000000088a00000, 0x0000000088b00000|  0%| F|  |TAMS 0x0000000088a00000, 0x0000000088a00000| Untracked 
| 111|0x0000000088b00000, 0x0000000088b00000, 0x0000000088c00000|  0%| F|  |TAMS 0x0000000088b00000, 0x0000000088b00000| Untracked 
| 112|0x0000000088c00000, 0x0000000088c00000, 0x0000000088d00000|  0%| F|  |TAMS 0x0000000088c00000, 0x0000000088c00000| Untracked 
| 113|0x0000000088d00000, 0x0000000088d00000, 0x0000000088e00000|  0%| F|  |TAMS 0x0000000088d00000, 0x0000000088d00000| Untracked 
| 114|0x0000000088e00000, 0x0000000088e00000, 0x0000000088f00000|  0%| F|  |TAMS 0x0000000088e00000, 0x0000000088e00000| Untracked 
| 115|0x0000000088f00000, 0x0000000088f00000, 0x0000000089000000|  0%| F|  |TAMS 0x0000000088f00000, 0x0000000088f00000| Untracked 
| 116|0x0000000089000000, 0x0000000089000000, 0x0000000089100000|  0%| F|  |TAMS 0x0000000089000000, 0x0000000089000000| Untracked 
| 117|0x0000000089100000, 0x0000000089100000, 0x0000000089200000|  0%| F|  |TAMS 0x0000000089100000, 0x0000000089100000| Untracked 
| 118|0x0000000089200000, 0x0000000089200000, 0x0000000089300000|  0%| F|  |TAMS 0x0000000089200000, 0x0000000089200000| Untracked 
| 119|0x0000000089300000, 0x0000000089300000, 0x0000000089400000|  0%| F|  |TAMS 0x0000000089300000, 0x0000000089300000| Untracked 
| 120|0x0000000089400000, 0x0000000089400000, 0x0000000089500000|  0%| F|  |TAMS 0x0000000089400000, 0x0000000089400000| Untracked 
| 121|0x0000000089500000, 0x0000000089500000, 0x0000000089600000|  0%| F|  |TAMS 0x0000000089500000, 0x0000000089500000| Untracked 
| 122|0x0000000089600000, 0x0000000089600000, 0x0000000089700000|  0%| F|  |TAMS 0x0000000089600000, 0x0000000089600000| Untracked 
| 123|0x0000000089700000, 0x0000000089700000, 0x0000000089800000|  0%| F|  |TAMS 0x0000000089700000, 0x0000000089700000| Untracked 
| 124|0x0000000089800000, 0x0000000089800000, 0x0000000089900000|  0%| F|  |TAMS 0x0000000089800000, 0x0000000089800000| Untracked 
| 125|0x0000000089900000, 0x0000000089900000, 0x0000000089a00000|  0%| F|  |TAMS 0x0000000089900000, 0x0000000089900000| Untracked 
| 126|0x0000000089a00000, 0x0000000089a00000, 0x0000000089b00000|  0%| F|  |TAMS 0x0000000089a00000, 0x0000000089a00000| Untracked 
| 127|0x0000000089b00000, 0x0000000089b00000, 0x0000000089c00000|  0%| F|  |TAMS 0x0000000089b00000, 0x0000000089b00000| Untracked 
| 128|0x0000000089c00000, 0x0000000089c00000, 0x0000000089d00000|  0%| F|  |TAMS 0x0000000089c00000, 0x0000000089c00000| Untracked 
| 129|0x0000000089d00000, 0x0000000089d00000, 0x0000000089e00000|  0%| F|  |TAMS 0x0000000089d00000, 0x0000000089d00000| Untracked 
| 130|0x0000000089e00000, 0x0000000089e00000, 0x0000000089f00000|  0%| F|  |TAMS 0x0000000089e00000, 0x0000000089e00000| Untracked 
| 131|0x0000000089f00000, 0x0000000089f00000, 0x000000008a000000|  0%| F|  |TAMS 0x0000000089f00000, 0x0000000089f00000| Untracked 
| 132|0x000000008a000000, 0x000000008a000000, 0x000000008a100000|  0%| F|  |TAMS 0x000000008a000000, 0x000000008a000000| Untracked 
| 133|0x000000008a100000, 0x000000008a100000, 0x000000008a200000|  0%| F|  |TAMS 0x000000008a100000, 0x000000008a100000| Untracked 
| 134|0x000000008a200000, 0x000000008a200000, 0x000000008a300000|  0%| F|  |TAMS 0x000000008a200000, 0x000000008a200000| Untracked 
| 135|0x000000008a300000, 0x000000008a300000, 0x000000008a400000|  0%| F|  |TAMS 0x000000008a300000, 0x000000008a300000| Untracked 
| 136|0x000000008a400000, 0x000000008a400000, 0x000000008a500000|  0%| F|  |TAMS 0x000000008a400000, 0x000000008a400000| Untracked 
| 137|0x000000008a500000, 0x000000008a500000, 0x000000008a600000|  0%| F|  |TAMS 0x000000008a500000, 0x000000008a500000| Untracked 
| 138|0x000000008a600000, 0x000000008a600000, 0x000000008a700000|  0%| F|  |TAMS 0x000000008a600000, 0x000000008a600000| Untracked 
| 139|0x000000008a700000, 0x000000008a700000, 0x000000008a800000|  0%| F|  |TAMS 0x000000008a700000, 0x000000008a700000| Untracked 
| 140|0x000000008a800000, 0x000000008a800000, 0x000000008a900000|  0%| F|  |TAMS 0x000000008a800000, 0x000000008a800000| Untracked 
| 141|0x000000008a900000, 0x000000008a900000, 0x000000008aa00000|  0%| F|  |TAMS 0x000000008a900000, 0x000000008a900000| Untracked 
| 142|0x000000008aa00000, 0x000000008aa00000, 0x000000008ab00000|  0%| F|  |TAMS 0x000000008aa00000, 0x000000008aa00000| Untracked 
| 143|0x000000008ab00000, 0x000000008ab00000, 0x000000008ac00000|  0%| F|  |TAMS 0x000000008ab00000, 0x000000008ab00000| Untracked 
| 144|0x000000008ac00000, 0x000000008ac00000, 0x000000008ad00000|  0%| F|  |TAMS 0x000000008ac00000, 0x000000008ac00000| Untracked 
| 145|0x000000008ad00000, 0x000000008ad00000, 0x000000008ae00000|  0%| F|  |TAMS 0x000000008ad00000, 0x000000008ad00000| Untracked 
| 146|0x000000008ae00000, 0x000000008ae00000, 0x000000008af00000|  0%| F|  |TAMS 0x000000008ae00000, 0x000000008ae00000| Untracked 
| 147|0x000000008af00000, 0x000000008af00000, 0x000000008b000000|  0%| F|  |TAMS 0x000000008af00000, 0x000000008af00000| Untracked 
| 148|0x000000008b000000, 0x000000008b000000, 0x000000008b100000|  0%| F|  |TAMS 0x000000008b000000, 0x000000008b000000| Untracked 
| 149|0x000000008b100000, 0x000000008b100000, 0x000000008b200000|  0%| F|  |TAMS 0x000000008b100000, 0x000000008b100000| Untracked 
| 150|0x000000008b200000, 0x000000008b200000, 0x000000008b300000|  0%| F|  |TAMS 0x000000008b200000, 0x000000008b200000| Untracked 
| 151|0x000000008b300000, 0x000000008b300000, 0x000000008b400000|  0%| F|  |TAMS 0x000000008b300000, 0x000000008b300000| Untracked 
| 152|0x000000008b400000, 0x000000008b400000, 0x000000008b500000|  0%| F|  |TAMS 0x000000008b400000, 0x000000008b400000| Untracked 
| 153|0x000000008b500000, 0x000000008b500000, 0x000000008b600000|  0%| F|  |TAMS 0x000000008b500000, 0x000000008b500000| Untracked 

Card table byte_map: [0x00000221980b0000,0x00000221984b0000] _byte_map_base: 0x0000022197ca2000

Marking Bits (Prev, Next): (CMBitMap*) 0x00000221fa43bcf8, (CMBitMap*) 0x00000221fa43bd30
 Prev Bits: [0x00000221988b0000, 0x000002219a840000)
 Next Bits: [0x000002219a840000, 0x000002219c7d0000)

Polling page: 0x0000022180000000

Metaspace:

Usage:
  Non-class:     36.29 MB capacity,    35.47 MB ( 98%) used,   676.73 KB (  2%) free+waste,   160.56 KB ( <1%) overhead. 
      Class:      5.64 MB capacity,     5.07 MB ( 90%) used,   502.39 KB (  9%) free+waste,    80.06 KB (  1%) overhead. 
       Both:     41.92 MB capacity,    40.54 MB ( 97%) used,     1.15 MB (  3%) free+waste,   240.63 KB ( <1%) overhead. 

Virtual space:
  Non-class space:       48.00 MB reserved,      36.33 MB ( 76%) committed 
      Class space:        1.00 GB reserved,       5.75 MB ( <1%) committed 
             Both:        1.05 GB reserved,      42.08 MB (  4%) committed 

Chunk freelists:
   Non-Class:  44.00 KB
       Class:  19.00 KB
        Both:  63.00 KB

MaxMetaspaceSize: 17179869184.00 GB
CompressedClassSpaceSize: 1.00 GB
Initial GC threshold: 20.80 MB
Current GC threshold: 59.21 MB
CDS: off

CodeHeap 'non-profiled nmethods': size=238912Kb used=5918Kb max_used=5918Kb free=232993Kb
 bounds [0x0000022188d30000, 0x0000022189300000, 0x0000022197680000]
CodeHeap 'non-nmethods': size=6848Kb used=1225Kb max_used=1225Kb free=5622Kb
 bounds [0x0000022188680000, 0x00000221888f0000, 0x0000022188d30000]
 total_blobs=4294 nmethods=3786 adapters=435
 compilation: enabled
              stopped_count=0, restarted_count=0
 full_count=0

Compilation events (20 events):
Event: 5.179 Thread 0x000002219ee5e000 3777       1       java.io.ObjectStreamClass::getClassDataLayout (20 bytes)
Event: 5.180 Thread 0x000002219ee5e000 nmethod 3777 0x00000221892f3890 code [0x00000221892f3a40, 0x00000221892f3b88]
Event: 5.180 Thread 0x000002219ee5e000 3778       1       java.io.BufferedInputStream::getInIfOpen (21 bytes)
Event: 5.180 Thread 0x000002219ee5e000 nmethod 3778 0x00000221892f3c10 code [0x00000221892f3dc0, 0x00000221892f3f28]
Event: 5.195 Thread 0x000002219ee5e000 3779       1       java.lang.CompoundEnumeration::hasMoreElements (5 bytes)
Event: 5.195 Thread 0x000002219ee5e000 nmethod 3779 0x00000221892f4010 code [0x00000221892f41c0, 0x00000221892f4288]
Event: 5.195 Thread 0x000002219ee5e000 3780       1       java.util.Spliterators$1Adapter::hasNext (23 bytes)
Event: 5.195 Thread 0x000002219ee5e000 nmethod 3780 0x00000221892f4310 code [0x00000221892f44c0, 0x00000221892f45c8]
Event: 5.229 Thread 0x000002219ee5e000 3781       1       java.lang.Throwable::<init> (39 bytes)
Event: 5.230 Thread 0x000002219ee5e000 nmethod 3781 0x00000221892f4690 code [0x00000221892f4860, 0x00000221892f4b48]
Event: 5.293 Thread 0x000002219ee5e000 3782       1       java.lang.Class::getConstructor (31 bytes)
Event: 5.293 Thread 0x000002219ee5e000 nmethod 3782 0x00000221892f4c10 code [0x00000221892f4e20, 0x00000221892f5168]
Event: 5.303 Thread 0x000002219ee5e000 3783       1       java.util.AbstractList$Itr::hasNext (20 bytes)
Event: 5.304 Thread 0x000002219ee5e000 nmethod 3783 0x00000221892f5310 code [0x00000221892f54c0, 0x00000221892f55c8]
Event: 5.368 Thread 0x000002219ee5e000 3784       1       jdk.internal.loader.BuiltinClassLoader::findResources (182 bytes)
Event: 5.370 Thread 0x000002219ee5e000 nmethod 3784 0x00000221892f5690 code [0x00000221892f5980, 0x00000221892f65e8]
Event: 5.370 Thread 0x000002219ee5e000 3785       1       jdk.internal.loader.BuiltinClassLoader::findResourcesOnClassPath (43 bytes)
Event: 5.371 Thread 0x000002219ee5e000 nmethod 3785 0x00000221892f6e10 code [0x00000221892f6fe0, 0x00000221892f72d8]
Event: 5.371 Thread 0x000002219ee5e000 3786       1       jdk.internal.loader.BuiltinClassLoader$1::<init> (33 bytes)
Event: 5.371 Thread 0x000002219ee5e000 nmethod 3786 0x00000221892f7410 code [0x00000221892f75e0, 0x00000221892f7848]

GC Heap History (14 events):
Event: 1.413 GC heap before
{Heap before GC invocations=0 (full 0):
 garbage-first heap   total 131072K, used 14336K [0x0000000081c00000, 0x0000000100000000)
  region size 1024K, 14 young (14336K), 0 survivors (0K)
 Metaspace       used 12648K, capacity 12960K, committed 13184K, reserved 1060864K
  class space    used 1288K, capacity 1404K, committed 1408K, reserved 1048576K
}
Event: 1.424 GC heap after
{Heap after GC invocations=1 (full 0):
 garbage-first heap   total 131072K, used 6622K [0x0000000081c00000, 0x0000000100000000)
  region size 1024K, 2 young (2048K), 2 survivors (2048K)
 Metaspace       used 12648K, capacity 12960K, committed 13184K, reserved 1060864K
  class space    used 1288K, capacity 1404K, committed 1408K, reserved 1048576K
}
Event: 1.761 GC heap before
{Heap before GC invocations=1 (full 0):
 garbage-first heap   total 131072K, used 17886K [0x0000000081c00000, 0x0000000100000000)
  region size 1024K, 13 young (13312K), 2 survivors (2048K)
 Metaspace       used 14638K, capacity 15038K, committed 15360K, reserved 1062912K
  class space    used 1521K, capacity 1675K, committed 1792K, reserved 1048576K
}
Event: 1.767 GC heap after
{Heap after GC invocations=2 (full 0):
 garbage-first heap   total 131072K, used 7871K [0x0000000081c00000, 0x0000000100000000)
  region size 1024K, 2 young (2048K), 2 survivors (2048K)
 Metaspace       used 14638K, capacity 15038K, committed 15360K, reserved 1062912K
  class space    used 1521K, capacity 1675K, committed 1792K, reserved 1048576K
}
Event: 2.425 GC heap before
{Heap before GC invocations=2 (full 0):
 garbage-first heap   total 131072K, used 34495K [0x0000000081c00000, 0x0000000100000000)
  region size 1024K, 28 young (28672K), 2 survivors (2048K)
 Metaspace       used 18958K, capacity 19678K, committed 19840K, reserved 1067008K
  class space    used 2138K, capacity 2396K, committed 2432K, reserved 1048576K
}
Event: 2.434 GC heap after
{Heap after GC invocations=3 (full 0):
 garbage-first heap   total 131072K, used 9203K [0x0000000081c00000, 0x0000000100000000)
  region size 1024K, 3 young (3072K), 3 survivors (3072K)
 Metaspace       used 18958K, capacity 19678K, committed 19840K, reserved 1067008K
  class space    used 2138K, capacity 2396K, committed 2432K, reserved 1048576K
}
Event: 2.601 GC heap before
{Heap before GC invocations=3 (full 0):
 garbage-first heap   total 131072K, used 18419K [0x0000000081c00000, 0x0000000100000000)
  region size 1024K, 13 young (13312K), 3 survivors (3072K)
 Metaspace       used 20438K, capacity 21192K, committed 21296K, reserved 1069056K
  class space    used 2368K, capacity 2672K, committed 2688K, reserved 1048576K
}
Event: 2.607 GC heap after
{Heap after GC invocations=4 (full 0):
 garbage-first heap   total 131072K, used 9600K [0x0000000081c00000, 0x0000000100000000)
  region size 1024K, 3 young (3072K), 3 survivors (3072K)
 Metaspace       used 20438K, capacity 21192K, committed 21296K, reserved 1069056K
  class space    used 2368K, capacity 2672K, committed 2688K, reserved 1048576K
}
Event: 3.611 GC heap before
{Heap before GC invocations=5 (full 0):
 garbage-first heap   total 131072K, used 83328K [0x0000000081c00000, 0x0000000100000000)
  region size 1024K, 76 young (77824K), 3 survivors (3072K)
 Metaspace       used 26808K, capacity 27780K, committed 27952K, reserved 1073152K
  class space    used 3200K, capacity 3590K, committed 3712K, reserved 1048576K
}
Event: 3.622 GC heap after
{Heap after GC invocations=6 (full 0):
 garbage-first heap   total 157696K, used 12139K [0x0000000081c00000, 0x0000000100000000)
  region size 1024K, 6 young (6144K), 6 survivors (6144K)
 Metaspace       used 26808K, capacity 27780K, committed 27952K, reserved 1073152K
  class space    used 3200K, capacity 3590K, committed 3712K, reserved 1048576K
}
Event: 4.693 GC heap before
{Heap before GC invocations=6 (full 0):
 garbage-first heap   total 157696K, used 94059K [0x0000000081c00000, 0x0000000100000000)
  region size 1024K, 87 young (89088K), 6 survivors (6144K)
 Metaspace       used 34520K, capacity 35828K, committed 35920K, reserved 1081344K
  class space    used 4282K, capacity 4840K, committed 4864K, reserved 1048576K
}
Event: 4.711 GC heap after
{Heap after GC invocations=7 (full 0):
 garbage-first heap   total 157696K, used 16648K [0x0000000081c00000, 0x0000000100000000)
  region size 1024K, 10 young (10240K), 10 survivors (10240K)
 Metaspace       used 34520K, capacity 35828K, committed 35920K, reserved 1081344K
  class space    used 4282K, capacity 4840K, committed 4864K, reserved 1048576K
}
Event: 5.443 GC heap before
{Heap before GC invocations=8 (full 0):
 garbage-first heap   total 157696K, used 70920K [0x0000000081c00000, 0x0000000100000000)
  region size 1024K, 64 young (65536K), 10 survivors (10240K)
 Metaspace       used 41509K, capacity 42929K, committed 43088K, reserved 1095680K
  class space    used 5190K, capacity 5773K, committed 5888K, reserved 1048576K
}
Event: 5.462 GC heap after
{Heap after GC invocations=9 (full 0):
 garbage-first heap   total 157696K, used 18130K [0x0000000081c00000, 0x0000000100000000)
  region size 1024K, 7 young (7168K), 7 survivors (7168K)
 Metaspace       used 41509K, capacity 42929K, committed 43088K, reserved 1095680K
  class space    used 5190K, capacity 5773K, committed 5888K, reserved 1048576K
}

Deoptimization events (2 events):
Event: 3.787 Thread 0x00000221a0e63000 DEOPT PACKING pc=0x0000022189029ee4 sp=0x000000eab77fcf90
Event: 3.787 Thread 0x00000221a0e63000 DEOPT UNPACKING pc=0x00000221886ca95e sp=0x000000eab77fc4f8 mode 0

Classes redefined (0 events):
No events

Internal exceptions (20 events):
Event: 4.195 Thread 0x00000221a0e63000 Exception <a 'java/lang/ClassNotFoundException'{0x0000000088c42e20}: org/springframework/context/annotation/ImportAwareCustomizer> (0x0000000088c42e20) thrown at [./src/hotspot/share/classfile/systemDictionary.cpp, line 230]
Event: 4.196 Thread 0x00000221a0e63000 Exception <a 'java/lang/ClassNotFoundException'{0x0000000088c56558}: org/springframework/beans/factory/AwareCustomizer> (0x0000000088c56558) thrown at [./src/hotspot/share/classfile/systemDictionary.cpp, line 230]
Event: 4.234 Thread 0x00000221a0e63000 Exception <a 'java/lang/NoSuchMethodError'{0x0000000088847a58}: 'java.lang.Object java.lang.invoke.DirectMethodHandle$Holder.invokeSpecialIFC(java.lang.Object, java.lang.Object, java.lang.Object)'> (0x0000000088847a58) thrown at [./src/hotspot/share/interpreter/linkResolver.cpp, line 773]
Event: 4.266 Thread 0x00000221a0e63000 Exception <a 'java/lang/NoSuchMethodError'{0x000000008863d890}: 'int java.lang.invoke.DirectMethodHandle$Holder.invokeSpecial(java.lang.Object, java.lang.Object, java.lang.Object, java.lang.Object, java.lang.Object)'> (0x000000008863d890) thrown at [./src/hotspot/share/interpreter/linkResolver.cpp, line 773]
Event: 4.308 Thread 0x00000221a0e63000 Exception <a 'java/lang/NoSuchMethodError'{0x00000000884def40}: 'void java.lang.invoke.DelegatingMethodHandle$Holder.delegate(java.lang.Object, java.lang.Object, int, java.lang.Object)'> (0x00000000884def40) thrown at [./src/hotspot/share/interpreter/linkResolver.cpp, line 773]
Event: 4.336 Thread 0x00000221a0e63000 Exception <a 'java/lang/NoSuchMethodError'{0x00000000882acb08}: 'void java.lang.invoke.DirectMethodHandle$Holder.invokeInterface(java.lang.Object, java.lang.Object, int)'> (0x00000000882acb08) thrown at [./src/hotspot/share/interpreter/linkResolver.cpp, line 773]
Event: 4.338 Thread 0x00000221a0e63000 Exception <a 'java/lang/NoSuchMethodError'{0x00000000882cb0d0}: 'int java.lang.invoke.DirectMethodHandle$Holder.invokeVirtual(java.lang.Object, java.lang.Object)'> (0x00000000882cb0d0) thrown at [./src/hotspot/share/interpreter/linkResolver.cpp, line 773]
Event: 4.341 Thread 0x00000221a0e63000 Exception <a 'java/lang/IncompatibleClassChangeError'{0x00000000881011d0}: Found class java.lang.Object, but interface was expected> (0x00000000881011d0) thrown at [./src/hotspot/share/interpreter/linkResolver.cpp, line 839]
Event: 4.341 Thread 0x00000221a0e63000 Exception <a 'java/lang/NoSuchMethodError'{0x0000000088106078}: 'void java.lang.invoke.DirectMethodHandle$Holder.invokeStatic(java.lang.Object, int, java.lang.Object)'> (0x0000000088106078) thrown at [./src/hotspot/share/interpreter/linkResolver.cpp, line 773]
Event: 4.553 Thread 0x00000221a0e63000 Exception <a 'sun/nio/fs/WindowsException'{0x0000000087017ed8}> (0x0000000087017ed8) thrown at [./src/hotspot/share/prims/jni.cpp, line 616]
Event: 4.554 Thread 0x00000221a0e63000 Exception <a 'sun/nio/fs/WindowsException'{0x000000008701dce8}> (0x000000008701dce8) thrown at [./src/hotspot/share/prims/jni.cpp, line 616]
Event: 4.555 Thread 0x00000221a0e63000 Exception <a 'sun/nio/fs/WindowsException'{0x000000008701e3c0}> (0x000000008701e3c0) thrown at [./src/hotspot/share/prims/jni.cpp, line 616]
Event: 4.631 Thread 0x00000221a0e63000 Exception <a 'java/io/FileNotFoundException'{0x0000000086930a88}> (0x0000000086930a88) thrown at [./src/hotspot/share/prims/jni.cpp, line 616]
Event: 4.652 Thread 0x00000221a0e63000 Exception <a 'java/lang/NoSuchMethodError'{0x00000000868cf390}: 'int java.lang.invoke.DirectMethodHandle$Holder.invokeInterface(java.lang.Object, java.lang.Object, java.lang.Object, java.lang.Object)'> (0x00000000868cf390) thrown at [./src/hotspot/share/interpreter/linkResolver.cpp, line 773]
Event: 4.660 Thread 0x00000221a0e9e800 Exception <a 'java/lang/reflect/InvocationTargetException'{0x000000008b5a1788}> (0x000000008b5a1788) thrown at [./src/hotspot/share/runtime/reflection.cpp, line 1247]
Event: 4.723 Thread 0x00000221a0e63000 Exception <a 'java/io/FileNotFoundException'{0x000000008b5f4338}> (0x000000008b5f4338) thrown at [./src/hotspot/share/prims/jni.cpp, line 616]
Event: 4.997 Thread 0x00000221a0e63000 Exception <a 'sun/nio/fs/WindowsException'{0x000000008a42e878}> (0x000000008a42e878) thrown at [./src/hotspot/share/prims/jni.cpp, line 616]
Event: 5.111 Thread 0x00000221a0e63000 Exception <a 'java/lang/NoSuchMethodError'{0x0000000089e0feb0}: 'java.lang.Object java.lang.invoke.DirectMethodHandle$Holder.invokeStaticInit(java.lang.Object, java.lang.Object, java.lang.Object, java.lang.Object)'> (0x0000000089e0feb0) thrown at [./src/hotspot/share/interpreter/linkResolver.cpp, line 773]
Event: 5.176 Thread 0x00000221a0e9e800 Exception <a 'java/lang/reflect/InvocationTargetException'{0x0000000089a89bf0}> (0x0000000089a89bf0) thrown at [./src/hotspot/share/runtime/reflection.cpp, line 1247]
Event: 5.236 Thread 0x00000221a1c4c000 Exception <a 'sun/net/ConnectionResetException'{0x0000000089607fe8}: > (0x0000000089607fe8) thrown at [./src/hotspot/share/prims/jni.cpp, line 637]

Events (20 events):
Event: 5.438 loading class org/hibernate/type/ProcedureParameterExtractionAware done
Event: 5.438 loading class org/hibernate/type/ProcedureParameterNamedBinder
Event: 5.438 loading class org/hibernate/type/ProcedureParameterNamedBinder done
Event: 5.439 loading class org/hibernate/engine/jdbc/Size
Event: 5.439 loading class org/hibernate/engine/jdbc/Size done
Event: 5.439 loading class org/hibernate/engine/jdbc/Size$LobMultiplier
Event: 5.439 loading class org/hibernate/engine/jdbc/Size$LobMultiplier done
Event: 5.440 loading class org/hibernate/type/descriptor/java/BooleanTypeDescriptor
Event: 5.440 loading class org/hibernate/type/descriptor/java/BooleanTypeDescriptor done
Event: 5.440 loading class org/hibernate/type/descriptor/java/AbstractTypeDescriptor
Event: 5.440 loading class org/hibernate/type/descriptor/java/AbstractTypeDescriptor done
Event: 5.441 loading class org/hibernate/type/descriptor/java/BasicJavaDescriptor
Event: 5.441 loading class org/hibernate/type/descriptor/java/BasicJavaDescriptor done
Event: 5.441 loading class org/hibernate/type/descriptor/java/JavaTypeDescriptor
Event: 5.441 loading class org/hibernate/type/descriptor/java/JavaTypeDescriptor done
Event: 5.441 loading class org/hibernate/type/descriptor/java/ImmutableMutabilityPlan
Event: 5.441 loading class org/hibernate/type/descriptor/java/ImmutableMutabilityPlan done
Event: 5.442 loading class org/hibernate/type/descriptor/java/MutabilityPlan
Event: 5.442 loading class org/hibernate/type/descriptor/java/MutabilityPlan done
Event: 5.442 Executing VM operation: CollectForMetadataAllocation


Dynamic libraries:
0x00007ff749a80000 - 0x00007ff749a8d000 	C:\Users\dasta\.jdks\corretto-11.0.14\bin\java.exe
0x00007ff9b4c50000 - 0x00007ff9b4e45000 	C:\WINDOWS\SYSTEM32\ntdll.dll
0x00007ff9794e0000 - 0x00007ff9794f6000 	C:\Program Files\AVG\Antivirus\aswhook.dll
0x00007ff9b2cd0000 - 0x00007ff9b2d8e000 	C:\WINDOWS\System32\KERNEL32.DLL
0x00007ff9b24a0000 - 0x00007ff9b2768000 	C:\WINDOWS\System32\KERNELBASE.dll
0x00007ff9b2bb0000 - 0x00007ff9b2cb0000 	C:\WINDOWS\System32\ucrtbase.dll
0x00007ff9adf10000 - 0x00007ff9adf27000 	C:\Users\dasta\.jdks\corretto-11.0.14\bin\jli.dll
0x00007ff9b3f90000 - 0x00007ff9b4130000 	C:\WINDOWS\System32\USER32.dll
0x00007ff9adec0000 - 0x00007ff9aded9000 	C:\Users\dasta\.jdks\corretto-11.0.14\bin\VCRUNTIME140.dll
0x00007ff99e4b0000 - 0x00007ff99e74a000 	C:\WINDOWS\WinSxS\amd64_microsoft.windows.common-controls_6595b64144ccf1df_6.0.19041.1110_none_60b5254171f9507e\COMCTL32.dll
0x00007ff9b2a00000 - 0x00007ff9b2a22000 	C:\WINDOWS\System32\win32u.dll
0x00007ff9b3990000 - 0x00007ff9b39ba000 	C:\WINDOWS\System32\GDI32.dll
0x00007ff9b2a30000 - 0x00007ff9b2b3b000 	C:\WINDOWS\System32\gdi32full.dll
0x00007ff9b2370000 - 0x00007ff9b240d000 	C:\WINDOWS\System32\msvcp_win.dll
0x00007ff9b44c0000 - 0x00007ff9b455e000 	C:\WINDOWS\System32\msvcrt.dll
0x00007ff9b2fa0000 - 0x00007ff9b2fd0000 	C:\WINDOWS\System32\IMM32.DLL
0x00007ff9abd80000 - 0x00007ff9abe1b000 	C:\Users\dasta\.jdks\corretto-11.0.14\bin\msvcp140.dll
0x00007ff955130000 - 0x00007ff955cb3000 	C:\Users\dasta\.jdks\corretto-11.0.14\bin\server\jvm.dll
0x00007ff9b4b60000 - 0x00007ff9b4c0e000 	C:\WINDOWS\System32\ADVAPI32.dll
0x00007ff9b3ee0000 - 0x00007ff9b3f7c000 	C:\WINDOWS\System32\sechost.dll
0x00007ff9b4560000 - 0x00007ff9b4685000 	C:\WINDOWS\System32\RPCRT4.dll
0x00007ff9b2cb0000 - 0x00007ff9b2cb8000 	C:\WINDOWS\System32\PSAPI.DLL
0x00007ff99d3e0000 - 0x00007ff99d3e9000 	C:\WINDOWS\SYSTEM32\WSOCK32.dll
0x00007ff9b43f0000 - 0x00007ff9b445b000 	C:\WINDOWS\System32\WS2_32.dll
0x00007ff99e900000 - 0x00007ff99e927000 	C:\WINDOWS\SYSTEM32\WINMM.dll
0x00007ff9aabf0000 - 0x00007ff9aabfa000 	C:\WINDOWS\SYSTEM32\VERSION.dll
0x00007ff9b02e0000 - 0x00007ff9b02f2000 	C:\WINDOWS\SYSTEM32\kernel.appcore.dll
0x00007ff9adf00000 - 0x00007ff9adf10000 	C:\Users\dasta\.jdks\corretto-11.0.14\bin\verify.dll
0x00007ff9afbb0000 - 0x00007ff9afd94000 	C:\WINDOWS\SYSTEM32\DBGHELP.DLL
0x00007ff9a13d0000 - 0x00007ff9a13fc000 	C:\WINDOWS\SYSTEM32\dbgcore.DLL
0x00007ff9b2410000 - 0x00007ff9b2492000 	C:\WINDOWS\System32\bcryptPrimitives.dll
0x00007ff9adc00000 - 0x00007ff9adc28000 	C:\Users\dasta\.jdks\corretto-11.0.14\bin\java.dll
0x00007ff9adeb0000 - 0x00007ff9adeba000 	C:\Users\dasta\.jdks\corretto-11.0.14\bin\jimage.dll
0x00007ff992200000 - 0x00007ff99220e000 	C:\Users\dasta\.jdks\corretto-11.0.14\bin\instrument.dll
0x00007ff9adbe0000 - 0x00007ff9adbf8000 	C:\Users\dasta\.jdks\corretto-11.0.14\bin\zip.dll
0x00007ff9b2fd0000 - 0x00007ff9b3714000 	C:\WINDOWS\System32\SHELL32.dll
0x00007ff9b0490000 - 0x00007ff9b0c24000 	C:\WINDOWS\SYSTEM32\windows.storage.dll
0x00007ff9b47e0000 - 0x00007ff9b4b34000 	C:\WINDOWS\System32\combase.dll
0x00007ff9b1de0000 - 0x00007ff9b1e0c000 	C:\WINDOWS\SYSTEM32\Wldp.dll
0x00007ff9b39c0000 - 0x00007ff9b3a6d000 	C:\WINDOWS\System32\SHCORE.dll
0x00007ff9b3930000 - 0x00007ff9b3985000 	C:\WINDOWS\System32\shlwapi.dll
0x00007ff9b22b0000 - 0x00007ff9b22cf000 	C:\WINDOWS\SYSTEM32\profapi.dll
0x00007ff9acdc0000 - 0x00007ff9acdd9000 	C:\Users\dasta\.jdks\corretto-11.0.14\bin\net.dll
0x00007ff9a2980000 - 0x00007ff9a2a8a000 	C:\WINDOWS\SYSTEM32\WINHTTP.dll
0x00007ff9b1b40000 - 0x00007ff9b1baa000 	C:\WINDOWS\system32\mswsock.dll
0x00007ff9abeb0000 - 0x00007ff9abec3000 	C:\Users\dasta\.jdks\corretto-11.0.14\bin\nio.dll
0x00007ff9921e0000 - 0x00007ff9921fa000 	C:\Program Files\JetBrains\IntelliJ IDEA 2021.3.2\bin\breakgen64.dll
0x00007ff9b1820000 - 0x00007ff9b18eb000 	C:\WINDOWS\SYSTEM32\DNSAPI.dll
0x00007ff9b17e0000 - 0x00007ff9b181b000 	C:\WINDOWS\SYSTEM32\IPHLPAPI.DLL
0x00007ff9b2cc0000 - 0x00007ff9b2cc8000 	C:\WINDOWS\System32\NSI.dll
0x00007ff9a9420000 - 0x00007ff9a942a000 	C:\Windows\System32\rasadhlp.dll
0x00007ff99dee0000 - 0x00007ff99df5f000 	C:\WINDOWS\System32\fwpuclnt.dll
0x00007ff9b27c0000 - 0x00007ff9b27e7000 	C:\WINDOWS\System32\bcrypt.dll
0x00007ff9921d0000 - 0x00007ff9921d9000 	C:\Users\dasta\.jdks\corretto-11.0.14\bin\management.dll
0x00007ff9921c0000 - 0x00007ff9921cb000 	C:\Users\dasta\.jdks\corretto-11.0.14\bin\management_ext.dll
0x00007ff9b1d30000 - 0x00007ff9b1d48000 	C:\WINDOWS\SYSTEM32\CRYPTSP.dll
0x00007ff9b1450000 - 0x00007ff9b1484000 	C:\WINDOWS\system32\rsaenh.dll
0x00007ff9b2230000 - 0x00007ff9b225e000 	C:\WINDOWS\SYSTEM32\USERENV.dll
0x00007ff9b1d50000 - 0x00007ff9b1d5c000 	C:\WINDOWS\SYSTEM32\CRYPTBASE.dll
0x00007ff9a8160000 - 0x00007ff9a8177000 	C:\WINDOWS\SYSTEM32\dhcpcsvc6.DLL
0x00007ff9a82d0000 - 0x00007ff9a82ed000 	C:\WINDOWS\SYSTEM32\dhcpcsvc.DLL
0x00007ff9970b0000 - 0x00007ff9970c7000 	C:\WINDOWS\system32\napinsp.dll
0x00007ff997090000 - 0x00007ff9970ab000 	C:\WINDOWS\system32\pnrpnsp.dll
0x00007ff9adb90000 - 0x00007ff9adbad000 	C:\WINDOWS\system32\NLAapi.dll
0x00007ff9acf70000 - 0x00007ff9acf85000 	C:\WINDOWS\system32\wshbth.dll
0x00007ff997070000 - 0x00007ff997082000 	C:\WINDOWS\System32\winrnr.dll
0x00007ff9abd50000 - 0x00007ff9abd75000 	C:\Users\dasta\.jdks\corretto-11.0.14\bin\sunec.dll
0x00007ff9acc90000 - 0x00007ff9acc9e000 	C:\Users\dasta\.jdks\corretto-11.0.14\bin\sunmscapi.dll
0x00007ff9b27f0000 - 0x00007ff9b2946000 	C:\WINDOWS\System32\CRYPT32.dll
0x00007ff9b1e50000 - 0x00007ff9b1e77000 	C:\WINDOWS\SYSTEM32\ncrypt.dll
0x00007ff9b1e10000 - 0x00007ff9b1e4b000 	C:\WINDOWS\SYSTEM32\NTASN1.dll

dbghelp: loaded successfully - version: 4.0.5 - missing functions: none
symbol engine: initialized successfully - sym options: 0x614 - pdb path: .;C:\Users\dasta\.jdks\corretto-11.0.14\bin;C:\WINDOWS\SYSTEM32;C:\Program Files\AVG\Antivirus;C:\WINDOWS\WinSxS\amd64_microsoft.windows.common-controls_6595b64144ccf1df_6.0.19041.1110_none_60b5254171f9507e;C:\Users\dasta\.jdks\corretto-11.0.14\bin\server;C:\Program Files\JetBrains\IntelliJ IDEA 2021.3.2\bin

VM Arguments:
jvm_args: -XX:TieredStopAtLevel=1 -Xverify:none -Dspring.output.ansi.enabled=always -Dcom.sun.management.jmxremote -Dspring.jmx.enabled=true -Dspring.liveBeansView.mbeanDomain -Dspring.application.admin.enabled=true -javaagent:C:\Program Files\JetBrains\IntelliJ IDEA 2021.3.2\lib\idea_rt.jar=61440:C:\Program Files\JetBrains\IntelliJ IDEA 2021.3.2\bin -Dfile.encoding=UTF-8 
java_command: com.example.athena.AthenaApplication
java_class_path (initial): C:\Users\dasta\IdeaProjects\demo\Athena\target\classes;C:\Users\dasta\.m2\repository\org\springframework\boot\spring-boot-starter-thymeleaf\2.6.7\spring-boot-starter-thymeleaf-2.6.7.jar;C:\Users\dasta\.m2\repository\org\springframework\boot\spring-boot-starter\2.6.7\spring-boot-starter-2.6.7.jar;C:\Users\dasta\.m2\repository\org\springframework\boot\spring-boot-starter-logging\2.6.7\spring-boot-starter-logging-2.6.7.jar;C:\Users\dasta\.m2\repository\ch\qos\logback\logback-classic\1.2.11\logback-classic-1.2.11.jar;C:\Users\dasta\.m2\repository\ch\qos\logback\logback-core\1.2.11\logback-core-1.2.11.jar;C:\Users\dasta\.m2\repository\org\apache\logging\log4j\log4j-to-slf4j\2.17.2\log4j-to-slf4j-2.17.2.jar;C:\Users\dasta\.m2\repository\org\apache\logging\log4j\log4j-api\2.17.2\log4j-api-2.17.2.jar;C:\Users\dasta\.m2\repository\org\slf4j\jul-to-slf4j\1.7.36\jul-to-slf4j-1.7.36.jar;C:\Users\dasta\.m2\repository\jakarta\annotation\jakarta.annotation-api\1.3.5\jakarta.annotation-api-1.3.5.jar;C:\Users\dasta\.m2\repository\org\yaml\snakeyaml\1.29\snakeyaml-1.29.jar;C:\Users\dasta\.m2\repository\org\thymeleaf\thymeleaf-spring5\3.0.15.RELEASE\thymeleaf-spring5-3.0.15.RELEASE.jar;C:\Users\dasta\.m2\repository\org\thymeleaf\thymeleaf\3.0.15.RELEASE\thymeleaf-3.0.15.RELEASE.jar;C:\Users\dasta\.m2\repository\org\attoparser\attoparser\2.0.5.RELEASE\attoparser-2.0.5.RELEASE.jar;C:\Users\dasta\.m2\repository\org\unbescape\unbescape\1.1.6.RELEASE\unbescape-1.1.6.RELEASE.jar;C:\Users\dasta\.m2\repository\org\slf4j\slf4j-api\1.7.36\slf4j-api-1.7.36.jar;C:\Users\dasta\.m2\repository\org\thymeleaf\extras\thymeleaf-extras-java8time\3.0.4.RELEASE\thymeleaf-extras-java8time-3.0.4.RELEASE.jar;C:\Users\dasta\.m2\repository\org\springframework\boot\spring-boot-starter-web\2.6.7\spring-boot-starter-web-2.6.7.jar;C:\Users\dasta\.m2\repository\org\springframework\boot\spring-boot-starter-json\2.6.7\spring-boot-starter-json-2.6.7.jar;C:\Users\dasta\.m2\repository\com\fas
Launcher Type: SUN_STANDARD

[Global flags]
     bool BytecodeVerificationLocal                = false                                     {product} {command line}
     bool BytecodeVerificationRemote               = false                                     {product} {command line}
     intx CICompilerCount                          = 3                                         {product} {ergonomic}
     uint ConcGCThreads                            = 1                                         {product} {ergonomic}
     uint G1ConcRefinementThreads                  = 4                                         {product} {ergonomic}
   size_t G1HeapRegionSize                         = 1048576                                   {product} {ergonomic}
    uintx GCDrainStackTargetSize                   = 64                                        {product} {ergonomic}
   size_t InitialHeapSize                          = 134217728                                 {product} {ergonomic}
     bool ManagementServer                         = true                                      {product} {command line}
   size_t MarkStackSize                            = 4194304                                   {product} {ergonomic}
   size_t MaxHeapSize                              = 2118123520                                {product} {ergonomic}
   size_t MaxNewSize                               = 1270874112                                {product} {ergonomic}
   size_t MinHeapDeltaBytes                        = 1048576                                   {product} {ergonomic}
    uintx NonNMethodCodeHeapSize                   = 6973028                                {pd product} {ergonomic}
    uintx NonProfiledCodeHeapSize                  = 244685212                              {pd product} {ergonomic}
    uintx ProfiledCodeHeapSize                     = 0                                      {pd product} {ergonomic}
    uintx ReservedCodeCacheSize                    = 251658240                              {pd product} {ergonomic}
     bool SegmentedCodeCache                       = true                                      {product} {ergonomic}
     intx TieredStopAtLevel                        = 1                                         {product} {command line}
     bool UseCompressedClassPointers               = true                                 {lp64_product} {ergonomic}
     bool UseCompressedOops                        = true                                 {lp64_product} {ergonomic}
     bool UseG1GC                                  = true                                      {product} {ergonomic}
     bool UseLargePagesIndividualAllocation        = false                                  {pd product} {ergonomic}

Logging:
Log output configuration:
 #0: stdout all=warning uptime,level,tags
 #1: stderr all=off uptime,level,tags

Environment Variables:
PATH=C:\ProgramData\Oracle\Java\javapath;C:\Program Files\Common Files\Oracle\Java\javapath;C:\Program Files (x86)\NVIDIA Corporation\PhysX\Common;C:\WINDOWS\system32;C:\WINDOWS;C:\WINDOWS\System32\Wbem;C:\WINDOWS\System32\WindowsPowerShell\v1.0\;C:\WINDOWS\System32\OpenSSH\;C:\Program Files (x86)\dotnet\;C:\Program Files (x86)\Bitvise SSH Client;C:\Program Files\Git\cmd;C:\Program Files\MySQL\MySQL Shell 8.0\bin\;C:\Users\dasta\AppData\Local\Microsoft\WindowsApps;;C:\Program Files\JetBrains\IntelliJ IDEA Community Edition 2020.3.1\bin;C:\Program Files\Java\jdk-15.0.2\bin;;C:\Program Files\JetBrains\PyCharm Community Edition 2020.3.4\bin;;C:\Program Files (x86)\Brackets\
USERNAME=dasta
OS=Windows_NT
PROCESSOR_IDENTIFIER=Intel64 Family 6 Model 142 Stepping 9, GenuineIntel



---------------  S Y S T E M  ---------------

OS: Windows 10 , 64 bit Build 19041 (10.0.19041.1645)
OS uptime: 0 days 3:29 hours

CPU:total 4 (initial active 4) (2 cores per cpu, 2 threads per core) family 6 model 142 stepping 9 microcode 0xb4, cmov, cx8, fxsr, mmx, sse, sse2, sse3, ssse3, sse4.1, sse4.2, popcnt, avx, avx2, aes, clmul, erms, 3dnowpref, lzcnt, ht, tsc, tscinvbit, bmi1, bmi2, adx, fma

Memory: 4k page, system-wide physical 8074M (678M free)
TotalPageFile size 8074M (AvailPageFile size 5M)
current process WorkingSet (physical memory assigned to process): 217M, peak: 217M
current process commit charge ("private bytes"): 287M, peak: 288M

vm_info: OpenJDK 64-Bit Server VM (11.0.14+9-LTS) for windows-amd64 JRE (11.0.14+9-LTS), built on Jan 15 2022 01:18:46 by "Administrator" with unknown MS VC++:1916

END.
